#
# A fatal error has been detected by the Java Runtime Environment:
#
#  EXCEPTION_UNCAUGHT_CXX_EXCEPTION (0xe06d7363) at pc=0x00007ffb6ec1b699, pid=7828, tid=11616
#
# JRE version: Java(TM) SE Runtime Environment (17.0.10+11) (build 17.0.10+11-LTS-240)
# Java VM: Java HotSpot(TM) 64-Bit Server VM (17.0.10+11-LTS-240, mixed mode, sharing, tiered, compressed oops, compressed class ptrs, g1 gc, windows-amd64)
# Problematic frame:
# C  [KERNELBASE.dll+0x3b699]
#
# No core dump will be written. Minidumps are not enabled by default on client versions of Windows
#
# If you would like to submit a bug report, please visit:
#   https://bugreport.java.com/bugreport/crash.jsp
# The crash happened outside the Java Virtual Machine in native code.
# See problematic frame for where to report the bug.
#

---------------  S U M M A R Y ------------

Command Line: -Dfile.encoding=UTF8 -ea -Xmx1024m 

Host: Intel(R) Core(TM) i7-6700 CPU @ 3.40GHz, 8 cores, 15G,  Windows 10 , 64 bit Build 19041 (10.0.19041.4597)
Time: Thu Jul 25 16:12:30 2024 대한민국 표준시 elapsed time: 3.264637 seconds (0d 0h 0m 3s)

---------------  T H R E A D  ---------------

Current thread (0x000001fe04c3a900):  JavaThread "main" [_thread_in_native, id=11616, stack(0x000000d223e00000,0x000000d223ff0000)]

Stack: [0x000000d223e00000,0x000000d223ff0000],  sp=0x000000d223fea4a0,  free space=1961k
Native frames: (J=compiled Java code, j=interpreted, Vv=VM code, C=native code)
C  [KERNELBASE.dll+0x3b699]
C  [VCRUNTIME140.dll+0x6ba7]
C  0x00007ffafbd8dd7e
C  0x00007ffafbd7c35b
C  0x000001fe19d2d621

Java frames: (J=compiled Java code, j=interpreted, Vv=VM code)
j  org.jpype.manager.TypeFactoryNative.newWrapper(JJ)V+0
j  org.jpype.JPypeContext.newWrapper(J)V+16
v  ~StubRoutines::call_stub
j  org.jpype.manager.TypeFactoryNative.newWrapper(JJ)V+0
j  org.jpype.JPypeContext.newWrapper(J)V+16
v  ~StubRoutines::call_stub
j  org.jpype.manager.TypeFactoryNative.newWrapper(JJ)V+0
j  org.jpype.JPypeContext.newWrapper(J)V+16
v  ~StubRoutines::call_stub
j  org.jpype.manager.TypeFactoryNative.newWrapper(JJ)V+0
j  org.jpype.JPypeContext.newWrapper(J)V+16
v  ~StubRoutines::call_stub

siginfo: EXCEPTION_UNCAUGHT_CXX_EXCEPTION (0xe06d7363), ExceptionInformation=0x0000000019930520 0x000000d223fea658 0x00007ffafbdb90b0 0x00007ffafbd50000 


Registers:
RAX=0x000000d223fe9d10, RBX=0x00007ffafbdb90b0, RCX=0x000000d223fe9da0, RDX=0x000001fe19d29962
RSP=0x000000d223fea4a0, RBP=0x000000d223fea6e0, RSI=0x000000d223fea658, RDI=0x0000000019930520
R8 =0x0000000000000000, R9 =0x000001fe05ec1f30, R10=0x0000000000000000, R11=0x000001fe63506230
R12=0x000000d223fea7d0, R13=0x000001fe05ec1f30, R14=0x0000000000000000, R15=0x000001fe06b45e00
RIP=0x00007ffb6ec1b699, EFLAGS=0x0000000000000202


Register to memory mapping:

RIP=0x00007ffb6ec1b699 KERNELBASE.dll
RAX=0x000000d223fe9d10 is pointing into the stack for thread: 0x000001fe04c3a900
RBX=0x00007ffafbdb90b0 points into unknown readable memory: 0x0000180000000000 | 00 00 00 00 00 18 00 00
RCX=0x000000d223fe9da0 is pointing into the stack for thread: 0x000001fe04c3a900
RDX=0x000001fe19d29962 is at code_begin+2242 in an Interpreter codelet
return entry points  [0x000001fe19d290a0, 0x000001fe19d29ba0]  2816 bytes
RSP=0x000000d223fea4a0 is pointing into the stack for thread: 0x000001fe04c3a900
RBP=0x000000d223fea6e0 is pointing into the stack for thread: 0x000001fe04c3a900
RSI=0x000000d223fea658 is pointing into the stack for thread: 0x000001fe04c3a900
RDI=0x0000000019930520 is an unknown value
R8 =0x0 is NULL
R9 =0x000001fe05ec1f30 points into unknown readable memory: 0x00007ffafbda6ce0 | e0 6c da fb fa 7f 00 00
R10=0x0 is NULL
R11=0x000001fe63506230 points into unknown readable memory: 0x00007ffafbda6300 | 00 63 da fb fa 7f 00 00
R12=0x000000d223fea7d0 is pointing into the stack for thread: 0x000001fe04c3a900
R13=0x000001fe05ec1f30 points into unknown readable memory: 0x00007ffafbda6ce0 | e0 6c da fb fa 7f 00 00
R14=0x0 is NULL
R15=0x000001fe06b45e00 points into unknown readable memory: 0x0000000000000003 | 03 00 00 00 00 00 00 00


Top of Stack: (sp=0x000000d223fea4a0)
0x000000d223fea4a0:   0000000000000000 00007ffafbdb90b0
0x000000d223fea4b0:   000000d223fea658 0000000000000000
0x000000d223fea4c0:   00000001e06d7363 0000000000000000
0x000000d223fea4d0:   00007ffb6ec1b699 0000000000000004
0x000000d223fea4e0:   0000000019930520 000000d223fea658
0x000000d223fea4f0:   00007ffafbdb90b0 00007ffafbd50000
0x000000d223fea500:   000001fe05ec1f30 000000d223fea7d0
0x000000d223fea510:   000000d223fea658 000000d223fea6e0
0x000000d223fea520:   000000d223fea5a0 00007ffb714c4a5f
0x000000d223fea530:   0000000019930520 00007ffb00000000
0x000000d223fea540:   0000000000000000 00007ffafbd6c09a
0x000000d223fea550:   00007ffafbdc0000 00007ffafbd50000
0x000000d223fea560:   000061594a5d2f72 00007ffb642b68de
0x000000d223fea570:   00007ffafbdb90b0 00007ffb642b6ba7
0x000000d223fea580:   000000d223fea618 000001fe06251ed8
0x000000d223fea590:   000000d223fea6e0 00007ffafbd69071 

Instructions: (pc=0x00007ffb6ec1b699)
0x00007ffb6ec1b599:   d8 21 00 00 41 0f 44 c0 89 43 24 8b 41 18 89 43
0x00007ffb6ec1b5a9:   28 65 48 8b 04 25 60 00 00 00 48 8b 48 20 39 79
0x00007ffb6ec1b5b9:   08 7c 36 41 b9 40 00 00 00 48 89 7c 24 20 4c 8d
0x00007ffb6ec1b5c9:   44 24 30 48 83 c9 ff 41 8d 51 e5 48 ff 15 ad 9a
0x00007ffb6ec1b5d9:   1a 00 0f 1f 44 00 00 85 c0 0f 88 f3 ff 08 00 81
0x00007ffb6ec1b5e9:   7c 24 54 33 00 03 00 72 0f 48 8b 9c 24 80 00 00
0x00007ffb6ec1b5f9:   00 48 83 c4 70 5f c3 cc 89 7b 2c eb ec cc cc cc
0x00007ffb6ec1b609:   cc cc cc cc cc cc cc 65 48 8b 04 25 30 00 00 00
0x00007ffb6ec1b619:   8b 40 68 c3 cc cc cc cc cc cc cc cc cc cc cc cc
0x00007ffb6ec1b629:   cc cc cc cc cc cc cc 48 81 ec d8 00 00 00 48 8b
0x00007ffb6ec1b639:   05 62 b8 27 00 48 33 c4 48 89 84 24 c0 00 00 00
0x00007ffb6ec1b649:   48 83 64 24 28 00 48 8d 05 da ff ff ff 83 e2 01
0x00007ffb6ec1b659:   89 4c 24 20 89 54 24 24 48 89 44 24 30 4d 85 c9
0x00007ffb6ec1b669:   74 4c b8 0f 00 00 00 48 8d 4c 24 40 44 3b c0 49
0x00007ffb6ec1b679:   8b d1 44 0f 47 c0 44 89 44 24 38 49 c1 e0 03 e8
0x00007ffb6ec1b689:   8a c2 07 00 48 8d 4c 24 20 48 ff 15 cf 9a 1a 00
0x00007ffb6ec1b699:   0f 1f 44 00 00 48 8b 8c 24 c0 00 00 00 48 33 cc
0x00007ffb6ec1b6a9:   e8 f2 b0 05 00 48 81 c4 d8 00 00 00 c3 cc 83 64
0x00007ffb6ec1b6b9:   24 38 00 eb cf cc cc cc cc cc cc cc cc cc cc cc
0x00007ffb6ec1b6c9:   cc cc cc cc cc cc cc 40 53 48 83 ec 30 48 8b d1
0x00007ffb6ec1b6d9:   48 8d 4c 24 20 e8 d5 cf ff ff 85 c0 74 26 48 8b
0x00007ffb6ec1b6e9:   4c 24 28 e8 3f 80 ff ff 48 8d 4c 24 20 8b d8 48
0x00007ffb6ec1b6f9:   ff 15 91 92 1a 00 0f 1f 44 00 00 8b c3 48 83 c4
0x00007ffb6ec1b709:   30 5b c3 cc 83 c8 ff eb f4 cc cc cc cc cc cc cc
0x00007ffb6ec1b719:   cc cc cc cc cc cc cc 48 8b c4 48 89 58 10 48 89
0x00007ffb6ec1b729:   70 18 57 48 83 ec 60 0f 57 c0 0f 11 40 b8 48 8d
0x00007ffb6ec1b739:   35 c2 f4 1a 00 33 db 48 85 c9 48 0f 45 f1 48 8b
0x00007ffb6ec1b749:   d6 48 8d 48 c8 48 ff 15 f3 98 1a 00 0f 1f 44 00
0x00007ffb6ec1b759:   00 8b f8 89 44 24 70 85 c0 78 1f 41 b0 01 48 8d
0x00007ffb6ec1b769:   54 24 30 48 8d 4c 24 20 48 ff 15 40 92 1a 00 0f
0x00007ffb6ec1b779:   1f 44 00 00 8b f8 89 44 24 70 85 ff 0f 88 5d fe
0x00007ffb6ec1b789:   08 00 48 83 c8 ff 48 8b c8 48 ff c1 66 39 1c 4e 


Stack slot to memory mapping:
stack at sp + 0 slots: 0x0 is NULL
stack at sp + 1 slots: 0x00007ffafbdb90b0 points into unknown readable memory: 0x0000180000000000 | 00 00 00 00 00 18 00 00
stack at sp + 2 slots: 0x000000d223fea658 is pointing into the stack for thread: 0x000001fe04c3a900
stack at sp + 3 slots: 0x0 is NULL
stack at sp + 4 slots: 0x00000001e06d7363 is an unknown value
stack at sp + 5 slots: 0x0 is NULL
stack at sp + 6 slots: 0x00007ffb6ec1b699 KERNELBASE.dll
stack at sp + 7 slots: 0x0000000000000004 is an unknown value


---------------  P R O C E S S  ---------------

Threads class SMR info:
_java_thread_list=0x000001fe2a441cb0, length=15, elements={
0x000001fe04c3a900, 0x000001fe04c3bd40, 0x000001fe04c3efe0, 0x000001fe04c3c760,
0x000001fe04c399d0, 0x000001fe04c40420, 0x000001fe04c3d180, 0x000001fe04a95f20,
0x000001fe04a96470, 0x000001fe04c3ff10, 0x000001fe04c3d690, 0x000001fe04c40e40,
0x000001fe04c41350, 0x000001fe04a9b420, 0x000001fe04a99990
}

Java Threads: ( => current thread )
=>0x000001fe04c3a900 JavaThread "main" [_thread_in_native, id=11616, stack(0x000000d223e00000,0x000000d223ff0000)]
  0x000001fe04c3bd40 JavaThread "Reference Handler" daemon [_thread_blocked, id=5272, stack(0x000000d228df0000,0x000000d228fe0000)]
  0x000001fe04c3efe0 JavaThread "Finalizer" daemon [_thread_blocked, id=15620, stack(0x000000d228fe0000,0x000000d2291d0000)]
  0x000001fe04c3c760 JavaThread "Signal Dispatcher" daemon [_thread_blocked, id=3984, stack(0x000000d2291d0000,0x000000d2293c0000)]
  0x000001fe04c399d0 JavaThread "Attach Listener" daemon [_thread_blocked, id=16716, stack(0x000000d2293c0000,0x000000d2295b0000)]
  0x000001fe04c40420 JavaThread "Service Thread" daemon [_thread_blocked, id=3288, stack(0x000000d2295b0000,0x000000d2297a0000)]
  0x000001fe04c3d180 JavaThread "Monitor Deflation Thread" daemon [_thread_blocked, id=16440, stack(0x000000d2297a0000,0x000000d229990000)]
  0x000001fe04a95f20 JavaThread "C2 CompilerThread0" daemon [_thread_blocked, id=6992, stack(0x000000d229990000,0x000000d229b80000)]
  0x000001fe04a96470 JavaThread "C1 CompilerThread0" daemon [_thread_blocked, id=16152, stack(0x000000d229b80000,0x000000d229d70000)]
  0x000001fe04c3ff10 JavaThread "Sweeper thread" daemon [_thread_blocked, id=15676, stack(0x000000d229d70000,0x000000d229f60000)]
  0x000001fe04c3d690 JavaThread "Notification Thread" daemon [_thread_blocked, id=872, stack(0x000000d229f60000,0x000000d22a150000)]
  0x000001fe04c40e40 JavaThread "Common-Cleaner" daemon [_thread_blocked, id=11136, stack(0x000000d22a340000,0x000000d22a530000)]
  0x000001fe04c41350 JavaThread "Python Reference Queue" daemon [_thread_blocked, id=2876, stack(0x000000d22a530000,0x000000d22a720000)]
  0x000001fe04a9b420 JavaThread "C2 CompilerThread1" daemon [_thread_blocked, id=4468, stack(0x000000d22b0d0000,0x000000d22b2c0000)]
  0x000001fe04a99990 JavaThread "C2 CompilerThread2" daemon [_thread_blocked, id=9896, stack(0x000000d22b2c0000,0x000000d22b4b0000)]

Other Threads:
  0x000001fe047f6ee0 VMThread "VM Thread" [stack: 0x000000d228c00000,0x000000d228df0000] [id=10956]
  0x000001fe05e1e020 WatcherThread [stack: 0x000000d22a150000,0x000000d22a340000] [id=14896]
  0x000001fe04b88430 GCTaskThread "GC Thread#0" [stack: 0x000000d228250000,0x000000d228440000] [id=17376]
  0x000001fe04b8f230 GCTaskThread "GC Thread#1" [stack: 0x000000d22a720000,0x000000d22a910000] [id=10688]
  0x000001fe04b89770 GCTaskThread "GC Thread#2" [stack: 0x000000d22a910000,0x000000d22ab00000] [id=1952]
  0x000001fe04b89a30 GCTaskThread "GC Thread#3" [stack: 0x000000d22ab00000,0x000000d22acf0000] [id=11016]
  0x000001fe04b8def0 GCTaskThread "GC Thread#4" [stack: 0x000000d22acf0000,0x000000d22aee0000] [id=10248]
  0x000001fe04b87670 GCTaskThread "GC Thread#5" [stack: 0x000000d22aee0000,0x000000d22b0d0000] [id=2812]
  0x000001fe04b8a270 GCTaskThread "GC Thread#6" [stack: 0x000000d22b4b0000,0x000000d22b6a0000] [id=11664]
  0x000001fe04b8e1b0 GCTaskThread "GC Thread#7" [stack: 0x000000d22b6a0000,0x000000d22b890000] [id=14304]
  0x000001fe04921930 ConcurrentGCThread "G1 Main Marker" [stack: 0x000000d228440000,0x000000d228630000] [id=15588]
  0x000001fe04b87eb0 ConcurrentGCThread "G1 Conc#0" [stack: 0x000000d228630000,0x000000d228820000] [id=3376]
  0x000001fe04b8e470 ConcurrentGCThread "G1 Conc#1" [stack: 0x000000d22b890000,0x000000d22ba80000] [id=4940]
  0x000001fe04948c70 ConcurrentGCThread "G1 Refine#0" [stack: 0x000000d228820000,0x000000d228a10000] [id=6536]
  0x000001fe04949830 ConcurrentGCThread "G1 Refine#1" [stack: 0x000000d22ba80000,0x000000d22bc70000] [id=13512]
  0x000001fe04944ec0 ConcurrentGCThread "G1 Refine#2" [stack: 0x000000d22bc70000,0x000000d22be60000] [id=15912]
  0x000001fe04943c70 ConcurrentGCThread "G1 Service" [stack: 0x000000d228a10000,0x000000d228c00000] [id=15384]

Threads with active compile tasks:

VM state: not at safepoint (normal execution)

VM Mutex/Monitor currently owned by a thread: None

Heap address: 0x00000000c0000000, size: 1024 MB, Compressed Oops mode: 32-bit

CDS archive(s) mapped at: [0x000001fe80000000-0x000001fe80bd0000-0x000001fe80bd0000), size 12386304, SharedBaseAddress: 0x000001fe80000000, ArchiveRelocationMode: 1.
Compressed class space mapped at: 0x000001fe81000000-0x000001fec1000000, reserved size: 1073741824
Narrow klass base: 0x000001fe80000000, Narrow klass shift: 0, Narrow klass range: 0x100000000

GC Precious Log:
 CPUs: 8 total, 8 available
 Memory: 16336M
 Large Page Support: Disabled
 NUMA Support: Disabled
 Compressed Oops: Enabled (32-bit)
 Heap Region Size: 1M
 Heap Min Capacity: 8M
 Heap Initial Capacity: 256M
 Heap Max Capacity: 1G
 Pre-touch: Disabled
 Parallel Workers: 8
 Concurrent Workers: 2
 Concurrent Refinement Workers: 8
 Periodic GC: Disabled

Heap:
 garbage-first heap   total 215040K, used 111238K [0x00000000c0000000, 0x0000000100000000)
  region size 1024K, 39 young (39936K), 11 survivors (11264K)
 Metaspace       used 9594K, committed 9792K, reserved 1114112K
  class space    used 1483K, committed 1600K, reserved 1048576K

Heap Regions: E=young(eden), S=young(survivor), O=old, HS=humongous(starts), HC=humongous(continues), CS=collection set, F=free, OA=open archive, CA=closed archive, TAMS=top-at-mark-start (previous, next)
|   0|0x00000000c0000000, 0x00000000c00ffff8, 0x00000000c0100000| 99%| O|  |TAMS 0x00000000c00ffff8, 0x00000000c0000000| Untracked 
|   1|0x00000000c0100000, 0x00000000c01ffff0, 0x00000000c0200000| 99%| O|  |TAMS 0x00000000c01ffff0, 0x00000000c0100000| Untracked 
|   2|0x00000000c0200000, 0x00000000c02fffb8, 0x00000000c0300000| 99%| O|  |TAMS 0x00000000c02fffb8, 0x00000000c0200000| Untracked 
|   3|0x00000000c0300000, 0x00000000c03fffc8, 0x00000000c0400000| 99%| O|  |TAMS 0x00000000c03fffc8, 0x00000000c0300000| Untracked 
|   4|0x00000000c0400000, 0x00000000c0500000, 0x00000000c0500000|100%| O|  |TAMS 0x00000000c0500000, 0x00000000c0400000| Untracked 
|   5|0x00000000c0500000, 0x00000000c0600000, 0x00000000c0600000|100%| O|  |TAMS 0x00000000c0600000, 0x00000000c0500000| Untracked 
|   6|0x00000000c0600000, 0x00000000c0700000, 0x00000000c0700000|100%| O|  |TAMS 0x00000000c0700000, 0x00000000c0600000| Untracked 
|   7|0x00000000c0700000, 0x00000000c07ffff0, 0x00000000c0800000| 99%| O|  |TAMS 0x00000000c0700000, 0x00000000c0700000| Untracked 
|   8|0x00000000c0800000, 0x00000000c0900000, 0x00000000c0900000|100%| O|  |TAMS 0x00000000c0800000, 0x00000000c0800000| Untracked 
|   9|0x00000000c0900000, 0x00000000c0a00000, 0x00000000c0a00000|100%| O|  |TAMS 0x00000000c0900000, 0x00000000c0900000| Untracked 
|  10|0x00000000c0a00000, 0x00000000c0b00000, 0x00000000c0b00000|100%| O|  |TAMS 0x00000000c0b00000, 0x00000000c0a00000| Untracked 
|  11|0x00000000c0b00000, 0x00000000c0c00000, 0x00000000c0c00000|100%| O|  |TAMS 0x00000000c0c00000, 0x00000000c0b00000| Untracked 
|  12|0x00000000c0c00000, 0x00000000c0d00000, 0x00000000c0d00000|100%| O|  |TAMS 0x00000000c0d00000, 0x00000000c0c00000| Untracked 
|  13|0x00000000c0d00000, 0x00000000c0e00000, 0x00000000c0e00000|100%|HS|  |TAMS 0x00000000c0e00000, 0x00000000c0d00000| Untracked 
|  14|0x00000000c0e00000, 0x00000000c0f00000, 0x00000000c0f00000|100%|HC|  |TAMS 0x00000000c0f00000, 0x00000000c0e00000| Untracked 
|  15|0x00000000c0f00000, 0x00000000c1000000, 0x00000000c1000000|100%|HS|  |TAMS 0x00000000c1000000, 0x00000000c0f00000| Untracked 
|  16|0x00000000c1000000, 0x00000000c1100000, 0x00000000c1100000|100%|HC|  |TAMS 0x00000000c1100000, 0x00000000c1000000| Untracked 
|  17|0x00000000c1100000, 0x00000000c1200000, 0x00000000c1200000|100%| O|  |TAMS 0x00000000c1200000, 0x00000000c1100000| Untracked 
|  18|0x00000000c1200000, 0x00000000c12fffe8, 0x00000000c1300000| 99%| O|  |TAMS 0x00000000c1200000, 0x00000000c1200000| Untracked 
|  19|0x00000000c1300000, 0x00000000c1400000, 0x00000000c1400000|100%| O|  |TAMS 0x00000000c1300000, 0x00000000c1300000| Untracked 
|  20|0x00000000c1400000, 0x00000000c14ffff8, 0x00000000c1500000| 99%| O|  |TAMS 0x00000000c1400000, 0x00000000c1400000| Untracked 
|  21|0x00000000c1500000, 0x00000000c15ffff0, 0x00000000c1600000| 99%| O|  |TAMS 0x00000000c1500000, 0x00000000c1500000| Untracked 
|  22|0x00000000c1600000, 0x00000000c1700000, 0x00000000c1700000|100%|HS|  |TAMS 0x00000000c1700000, 0x00000000c1600000| Untracked 
|  23|0x00000000c1700000, 0x00000000c1800000, 0x00000000c1800000|100%|HS|  |TAMS 0x00000000c1800000, 0x00000000c1700000| Untracked 
|  24|0x00000000c1800000, 0x00000000c18ffff0, 0x00000000c1900000| 99%| O|  |TAMS 0x00000000c1800000, 0x00000000c1800000| Untracked 
|  25|0x00000000c1900000, 0x00000000c19fd900, 0x00000000c1a00000| 99%| O|  |TAMS 0x00000000c1900000, 0x00000000c1900000| Untracked 
|  26|0x00000000c1a00000, 0x00000000c1b00000, 0x00000000c1b00000|100%| O|  |TAMS 0x00000000c1a00000, 0x00000000c1a00000| Untracked 
|  27|0x00000000c1b00000, 0x00000000c1c00000, 0x00000000c1c00000|100%| O|  |TAMS 0x00000000c1c00000, 0x00000000c1b00000| Untracked 
|  28|0x00000000c1c00000, 0x00000000c1cffff8, 0x00000000c1d00000| 99%| O|  |TAMS 0x00000000c1c00000, 0x00000000c1c00000| Untracked 
|  29|0x00000000c1d00000, 0x00000000c1dffff0, 0x00000000c1e00000| 99%| O|  |TAMS 0x00000000c1d00000, 0x00000000c1d00000| Untracked 
|  30|0x00000000c1e00000, 0x00000000c1f00000, 0x00000000c1f00000|100%| O|  |TAMS 0x00000000c1e00000, 0x00000000c1e00000| Untracked 
|  31|0x00000000c1f00000, 0x00000000c2000000, 0x00000000c2000000|100%| O|  |TAMS 0x00000000c1f00000, 0x00000000c1f00000| Untracked 
|  32|0x00000000c2000000, 0x00000000c20ffff0, 0x00000000c2100000| 99%| O|  |TAMS 0x00000000c20ffff0, 0x00000000c2000000| Untracked 
|  33|0x00000000c2100000, 0x00000000c21ffff0, 0x00000000c2200000| 99%| O|  |TAMS 0x00000000c2100000, 0x00000000c2100000| Untracked 
|  34|0x00000000c2200000, 0x00000000c22ffff8, 0x00000000c2300000| 99%| O|  |TAMS 0x00000000c2200000, 0x00000000c2200000| Untracked 
|  35|0x00000000c2300000, 0x00000000c2400000, 0x00000000c2400000|100%|HS|  |TAMS 0x00000000c2400000, 0x00000000c2300000| Untracked 
|  36|0x00000000c2400000, 0x00000000c2500000, 0x00000000c2500000|100%|HC|  |TAMS 0x00000000c2500000, 0x00000000c2400000| Untracked 
|  37|0x00000000c2500000, 0x00000000c2600000, 0x00000000c2600000|100%|HS|  |TAMS 0x00000000c2600000, 0x00000000c2500000| Untracked 
|  38|0x00000000c2600000, 0x00000000c2700000, 0x00000000c2700000|100%|HC|  |TAMS 0x00000000c2700000, 0x00000000c2600000| Untracked 
|  39|0x00000000c2700000, 0x00000000c27ffff8, 0x00000000c2800000| 99%| O|  |TAMS 0x00000000c2700000, 0x00000000c2700000| Untracked 
|  40|0x00000000c2800000, 0x00000000c28de2b0, 0x00000000c2900000| 86%| O|  |TAMS 0x00000000c2800000, 0x00000000c2800000| Untracked 
|  41|0x00000000c2900000, 0x00000000c2a00000, 0x00000000c2a00000|100%|HS|  |TAMS 0x00000000c2a00000, 0x00000000c2900000| Untracked 
|  42|0x00000000c2a00000, 0x00000000c2b00000, 0x00000000c2b00000|100%|HC|  |TAMS 0x00000000c2b00000, 0x00000000c2a00000| Untracked 
|  43|0x00000000c2b00000, 0x00000000c2c00000, 0x00000000c2c00000|100%|HS|  |TAMS 0x00000000c2c00000, 0x00000000c2b00000| Untracked 
|  44|0x00000000c2c00000, 0x00000000c2d00000, 0x00000000c2d00000|100%|HC|  |TAMS 0x00000000c2d00000, 0x00000000c2c00000| Untracked 
|  45|0x00000000c2d00000, 0x00000000c2e00000, 0x00000000c2e00000|100%|HS|  |TAMS 0x00000000c2e00000, 0x00000000c2d00000| Untracked 
|  46|0x00000000c2e00000, 0x00000000c2e00000, 0x00000000c2f00000|  0%| F|  |TAMS 0x00000000c2e00000, 0x00000000c2e00000| Untracked 
|  47|0x00000000c2f00000, 0x00000000c2f00000, 0x00000000c3000000|  0%| F|  |TAMS 0x00000000c2f00000, 0x00000000c2f00000| Untracked 
|  48|0x00000000c3000000, 0x00000000c3000000, 0x00000000c3100000|  0%| F|  |TAMS 0x00000000c3000000, 0x00000000c3000000| Untracked 
|  49|0x00000000c3100000, 0x00000000c3100000, 0x00000000c3200000|  0%| F|  |TAMS 0x00000000c3100000, 0x00000000c3100000| Untracked 
|  50|0x00000000c3200000, 0x00000000c3200000, 0x00000000c3300000|  0%| F|  |TAMS 0x00000000c3200000, 0x00000000c3200000| Untracked 
|  51|0x00000000c3300000, 0x00000000c3300000, 0x00000000c3400000|  0%| F|  |TAMS 0x00000000c3300000, 0x00000000c3300000| Untracked 
|  52|0x00000000c3400000, 0x00000000c34ffff0, 0x00000000c3500000| 99%| O|  |TAMS 0x00000000c3400000, 0x00000000c3400000| Untracked 
|  53|0x00000000c3500000, 0x00000000c35ffff0, 0x00000000c3600000| 99%| O|  |TAMS 0x00000000c35ffff0, 0x00000000c3500000| Untracked 
|  54|0x00000000c3600000, 0x00000000c36f4ff8, 0x00000000c3700000| 95%| O|  |TAMS 0x00000000c3600000, 0x00000000c3600000| Untracked 
|  55|0x00000000c3700000, 0x00000000c3800000, 0x00000000c3800000|100%| O|  |TAMS 0x00000000c3800000, 0x00000000c3700000| Untracked 
|  56|0x00000000c3800000, 0x00000000c3900000, 0x00000000c3900000|100%| O|  |TAMS 0x00000000c3900000, 0x00000000c3800000| Untracked 
|  57|0x00000000c3900000, 0x00000000c3a00000, 0x00000000c3a00000|100%| O|  |TAMS 0x00000000c3a00000, 0x00000000c3900000| Untracked 
|  58|0x00000000c3a00000, 0x00000000c3b00000, 0x00000000c3b00000|100%| O|  |TAMS 0x00000000c3b00000, 0x00000000c3a00000| Untracked 
|  59|0x00000000c3b00000, 0x00000000c3b00000, 0x00000000c3c00000|  0%| F|  |TAMS 0x00000000c3b00000, 0x00000000c3b00000| Untracked 
|  60|0x00000000c3c00000, 0x00000000c3c00000, 0x00000000c3d00000|  0%| F|  |TAMS 0x00000000c3c00000, 0x00000000c3c00000| Untracked 
|  61|0x00000000c3d00000, 0x00000000c3dffff0, 0x00000000c3e00000| 99%| O|  |TAMS 0x00000000c3d00000, 0x00000000c3d00000| Untracked 
|  62|0x00000000c3e00000, 0x00000000c3f00000, 0x00000000c3f00000|100%| O|  |TAMS 0x00000000c3f00000, 0x00000000c3e00000| Untracked 
|  63|0x00000000c3f00000, 0x00000000c4000000, 0x00000000c4000000|100%| O|  |TAMS 0x00000000c4000000, 0x00000000c3f00000| Untracked 
|  64|0x00000000c4000000, 0x00000000c4100000, 0x00000000c4100000|100%| O|  |TAMS 0x00000000c4100000, 0x00000000c4000000| Untracked 
|  65|0x00000000c4100000, 0x00000000c4200000, 0x00000000c4200000|100%| O|  |TAMS 0x00000000c4200000, 0x00000000c4100000| Untracked 
|  66|0x00000000c4200000, 0x00000000c4300000, 0x00000000c4300000|100%| O|  |TAMS 0x00000000c4300000, 0x00000000c4200000| Untracked 
|  67|0x00000000c4300000, 0x00000000c4400000, 0x00000000c4400000|100%| O|  |TAMS 0x00000000c4400000, 0x00000000c4300000| Untracked 
|  68|0x00000000c4400000, 0x00000000c4500000, 0x00000000c4500000|100%| O|  |TAMS 0x00000000c4400000, 0x00000000c4400000| Untracked 
|  69|0x00000000c4500000, 0x00000000c4600000, 0x00000000c4600000|100%| O|  |TAMS 0x00000000c4600000, 0x00000000c4500000| Untracked 
|  70|0x00000000c4600000, 0x00000000c4700000, 0x00000000c4700000|100%| O|  |TAMS 0x00000000c4600000, 0x00000000c4600000| Untracked 
|  71|0x00000000c4700000, 0x00000000c4800000, 0x00000000c4800000|100%| O|  |TAMS 0x00000000c4700000, 0x00000000c4700000| Untracked 
|  72|0x00000000c4800000, 0x00000000c4800000, 0x00000000c4900000|  0%| F|  |TAMS 0x00000000c4800000, 0x00000000c4800000| Untracked 
|  73|0x00000000c4900000, 0x00000000c4958810, 0x00000000c4a00000| 34%| O|  |TAMS 0x00000000c4900000, 0x00000000c4900000| Untracked 
|  74|0x00000000c4a00000, 0x00000000c4a00000, 0x00000000c4b00000|  0%| F|  |TAMS 0x00000000c4a00000, 0x00000000c4a00000| Untracked 
|  75|0x00000000c4b00000, 0x00000000c4b00000, 0x00000000c4c00000|  0%| F|  |TAMS 0x00000000c4b00000, 0x00000000c4b00000| Untracked 
|  76|0x00000000c4c00000, 0x00000000c4c88388, 0x00000000c4d00000| 53%| O|  |TAMS 0x00000000c4c00000, 0x00000000c4c00000| Untracked 
|  77|0x00000000c4d00000, 0x00000000c4d3ae38, 0x00000000c4e00000| 23%| O|  |TAMS 0x00000000c4d00000, 0x00000000c4d00000| Untracked 
|  78|0x00000000c4e00000, 0x00000000c4e00000, 0x00000000c4f00000|  0%| F|  |TAMS 0x00000000c4e00000, 0x00000000c4e00000| Untracked 
|  79|0x00000000c4f00000, 0x00000000c4f00000, 0x00000000c5000000|  0%| F|  |TAMS 0x00000000c4f00000, 0x00000000c4f00000| Untracked 
|  80|0x00000000c5000000, 0x00000000c5000000, 0x00000000c5100000|  0%| F|  |TAMS 0x00000000c5000000, 0x00000000c5000000| Untracked 
|  81|0x00000000c5100000, 0x00000000c5100000, 0x00000000c5200000|  0%| F|  |TAMS 0x00000000c5100000, 0x00000000c5100000| Untracked 
|  82|0x00000000c5200000, 0x00000000c5200000, 0x00000000c5300000|  0%| F|  |TAMS 0x00000000c5200000, 0x00000000c5200000| Untracked 
|  83|0x00000000c5300000, 0x00000000c5300000, 0x00000000c5400000|  0%| F|  |TAMS 0x00000000c5300000, 0x00000000c5300000| Untracked 
|  84|0x00000000c5400000, 0x00000000c5400000, 0x00000000c5500000|  0%| F|  |TAMS 0x00000000c5400000, 0x00000000c5400000| Untracked 
|  85|0x00000000c5500000, 0x00000000c5500000, 0x00000000c5600000|  0%| F|  |TAMS 0x00000000c5500000, 0x00000000c5500000| Untracked 
|  86|0x00000000c5600000, 0x00000000c5600000, 0x00000000c5700000|  0%| F|  |TAMS 0x00000000c5600000, 0x00000000c5600000| Untracked 
|  87|0x00000000c5700000, 0x00000000c5700000, 0x00000000c5800000|  0%| F|  |TAMS 0x00000000c5700000, 0x00000000c5700000| Untracked 
|  88|0x00000000c5800000, 0x00000000c5800000, 0x00000000c5900000|  0%| F|  |TAMS 0x00000000c5800000, 0x00000000c5800000| Untracked 
|  89|0x00000000c5900000, 0x00000000c5900000, 0x00000000c5a00000|  0%| F|  |TAMS 0x00000000c5900000, 0x00000000c5900000| Untracked 
|  90|0x00000000c5a00000, 0x00000000c5a00000, 0x00000000c5b00000|  0%| F|  |TAMS 0x00000000c5a00000, 0x00000000c5a00000| Untracked 
|  91|0x00000000c5b00000, 0x00000000c5b00000, 0x00000000c5c00000|  0%| F|  |TAMS 0x00000000c5b00000, 0x00000000c5b00000| Untracked 
|  92|0x00000000c5c00000, 0x00000000c5c00000, 0x00000000c5d00000|  0%| F|  |TAMS 0x00000000c5c00000, 0x00000000c5c00000| Untracked 
|  93|0x00000000c5d00000, 0x00000000c5d00000, 0x00000000c5e00000|  0%| F|  |TAMS 0x00000000c5d00000, 0x00000000c5d00000| Untracked 
|  94|0x00000000c5e00000, 0x00000000c5e00000, 0x00000000c5f00000|  0%| F|  |TAMS 0x00000000c5e00000, 0x00000000c5e00000| Untracked 
|  95|0x00000000c5f00000, 0x00000000c5f00000, 0x00000000c6000000|  0%| F|  |TAMS 0x00000000c5f00000, 0x00000000c5f00000| Untracked 
|  96|0x00000000c6000000, 0x00000000c6000000, 0x00000000c6100000|  0%| F|  |TAMS 0x00000000c6000000, 0x00000000c6000000| Untracked 
|  97|0x00000000c6100000, 0x00000000c6100000, 0x00000000c6200000|  0%| F|  |TAMS 0x00000000c6100000, 0x00000000c6100000| Untracked 
|  98|0x00000000c6200000, 0x00000000c6200000, 0x00000000c6300000|  0%| F|  |TAMS 0x00000000c6200000, 0x00000000c6200000| Untracked 
|  99|0x00000000c6300000, 0x00000000c6300000, 0x00000000c6400000|  0%| F|  |TAMS 0x00000000c6300000, 0x00000000c6300000| Untracked 
| 100|0x00000000c6400000, 0x00000000c6400000, 0x00000000c6500000|  0%| F|  |TAMS 0x00000000c6400000, 0x00000000c6400000| Untracked 
| 101|0x00000000c6500000, 0x00000000c6500000, 0x00000000c6600000|  0%| F|  |TAMS 0x00000000c6500000, 0x00000000c6500000| Untracked 
| 102|0x00000000c6600000, 0x00000000c6600000, 0x00000000c6700000|  0%| F|  |TAMS 0x00000000c6600000, 0x00000000c6600000| Untracked 
| 103|0x00000000c6700000, 0x00000000c6700000, 0x00000000c6800000|  0%| F|  |TAMS 0x00000000c6700000, 0x00000000c6700000| Untracked 
| 104|0x00000000c6800000, 0x00000000c6800000, 0x00000000c6900000|  0%| F|  |TAMS 0x00000000c6800000, 0x00000000c6800000| Untracked 
| 105|0x00000000c6900000, 0x00000000c6900000, 0x00000000c6a00000|  0%| F|  |TAMS 0x00000000c6900000, 0x00000000c6900000| Untracked 
| 106|0x00000000c6a00000, 0x00000000c6a00000, 0x00000000c6b00000|  0%| F|  |TAMS 0x00000000c6a00000, 0x00000000c6a00000| Untracked 
| 107|0x00000000c6b00000, 0x00000000c6bb5690, 0x00000000c6c00000| 70%| S|CS|TAMS 0x00000000c6b00000, 0x00000000c6b00000| Complete 
| 108|0x00000000c6c00000, 0x00000000c6d00000, 0x00000000c6d00000|100%| S|CS|TAMS 0x00000000c6c00000, 0x00000000c6c00000| Complete 
| 109|0x00000000c6d00000, 0x00000000c6e00000, 0x00000000c6e00000|100%| S|CS|TAMS 0x00000000c6d00000, 0x00000000c6d00000| Complete 
| 110|0x00000000c6e00000, 0x00000000c6f00000, 0x00000000c6f00000|100%| S|CS|TAMS 0x00000000c6e00000, 0x00000000c6e00000| Complete 
| 111|0x00000000c6f00000, 0x00000000c7000000, 0x00000000c7000000|100%| S|CS|TAMS 0x00000000c6f00000, 0x00000000c6f00000| Complete 
| 112|0x00000000c7000000, 0x00000000c7100000, 0x00000000c7100000|100%| O|  |TAMS 0x00000000c7100000, 0x00000000c7000000| Untracked 
| 113|0x00000000c7100000, 0x00000000c7200000, 0x00000000c7200000|100%| O|  |TAMS 0x00000000c7200000, 0x00000000c7100000| Untracked 
| 114|0x00000000c7200000, 0x00000000c7300000, 0x00000000c7300000|100%| O|  |TAMS 0x00000000c7300000, 0x00000000c7200000| Untracked 
| 115|0x00000000c7300000, 0x00000000c7400000, 0x00000000c7400000|100%| O|  |TAMS 0x00000000c7400000, 0x00000000c7300000| Untracked 
| 116|0x00000000c7400000, 0x00000000c7500000, 0x00000000c7500000|100%| O|  |TAMS 0x00000000c7500000, 0x00000000c7400000| Untracked 
| 117|0x00000000c7500000, 0x00000000c7600000, 0x00000000c7600000|100%| O|  |TAMS 0x00000000c7600000, 0x00000000c7500000| Untracked 
| 118|0x00000000c7600000, 0x00000000c7700000, 0x00000000c7700000|100%| S|CS|TAMS 0x00000000c7600000, 0x00000000c7600000| Complete 
| 119|0x00000000c7700000, 0x00000000c7800000, 0x00000000c7800000|100%| S|CS|TAMS 0x00000000c7700000, 0x00000000c7700000| Complete 
| 120|0x00000000c7800000, 0x00000000c7900000, 0x00000000c7900000|100%| S|CS|TAMS 0x00000000c7800000, 0x00000000c7800000| Complete 
| 121|0x00000000c7900000, 0x00000000c7a00000, 0x00000000c7a00000|100%| S|CS|TAMS 0x00000000c7900000, 0x00000000c7900000| Complete 
| 122|0x00000000c7a00000, 0x00000000c7b00000, 0x00000000c7b00000|100%| S|CS|TAMS 0x00000000c7a00000, 0x00000000c7a00000| Complete 
| 123|0x00000000c7b00000, 0x00000000c7c00000, 0x00000000c7c00000|100%| S|CS|TAMS 0x00000000c7b00000, 0x00000000c7b00000| Complete 
| 124|0x00000000c7c00000, 0x00000000c7c00000, 0x00000000c7d00000|  0%| F|  |TAMS 0x00000000c7c00000, 0x00000000c7c00000| Untracked 
| 125|0x00000000c7d00000, 0x00000000c7d00000, 0x00000000c7e00000|  0%| F|  |TAMS 0x00000000c7d00000, 0x00000000c7d00000| Untracked 
| 126|0x00000000c7e00000, 0x00000000c7e00000, 0x00000000c7f00000|  0%| F|  |TAMS 0x00000000c7e00000, 0x00000000c7e00000| Untracked 
| 127|0x00000000c7f00000, 0x00000000c7f00000, 0x00000000c8000000|  0%| F|  |TAMS 0x00000000c7f00000, 0x00000000c7f00000| Untracked 
| 128|0x00000000c8000000, 0x00000000c8000000, 0x00000000c8100000|  0%| F|  |TAMS 0x00000000c8000000, 0x00000000c8000000| Untracked 
| 129|0x00000000c8100000, 0x00000000c8100000, 0x00000000c8200000|  0%| F|  |TAMS 0x00000000c8100000, 0x00000000c8100000| Untracked 
| 130|0x00000000c8200000, 0x00000000c8200000, 0x00000000c8300000|  0%| F|  |TAMS 0x00000000c8200000, 0x00000000c8200000| Untracked 
| 131|0x00000000c8300000, 0x00000000c8300000, 0x00000000c8400000|  0%| F|  |TAMS 0x00000000c8300000, 0x00000000c8300000| Untracked 
| 132|0x00000000c8400000, 0x00000000c8400000, 0x00000000c8500000|  0%| F|  |TAMS 0x00000000c8400000, 0x00000000c8400000| Untracked 
| 133|0x00000000c8500000, 0x00000000c8500000, 0x00000000c8600000|  0%| F|  |TAMS 0x00000000c8500000, 0x00000000c8500000| Untracked 
| 134|0x00000000c8600000, 0x00000000c8600000, 0x00000000c8700000|  0%| F|  |TAMS 0x00000000c8600000, 0x00000000c8600000| Untracked 
| 135|0x00000000c8700000, 0x00000000c8700000, 0x00000000c8800000|  0%| F|  |TAMS 0x00000000c8700000, 0x00000000c8700000| Untracked 
| 136|0x00000000c8800000, 0x00000000c8800000, 0x00000000c8900000|  0%| F|  |TAMS 0x00000000c8800000, 0x00000000c8800000| Untracked 
| 137|0x00000000c8900000, 0x00000000c8900000, 0x00000000c8a00000|  0%| F|  |TAMS 0x00000000c8900000, 0x00000000c8900000| Untracked 
| 138|0x00000000c8a00000, 0x00000000c8a00000, 0x00000000c8b00000|  0%| F|  |TAMS 0x00000000c8a00000, 0x00000000c8a00000| Untracked 
| 139|0x00000000c8b00000, 0x00000000c8b00000, 0x00000000c8c00000|  0%| F|  |TAMS 0x00000000c8b00000, 0x00000000c8b00000| Untracked 
| 140|0x00000000c8c00000, 0x00000000c8c00000, 0x00000000c8d00000|  0%| F|  |TAMS 0x00000000c8c00000, 0x00000000c8c00000| Untracked 
| 141|0x00000000c8d00000, 0x00000000c8d00000, 0x00000000c8e00000|  0%| F|  |TAMS 0x00000000c8d00000, 0x00000000c8d00000| Untracked 
| 142|0x00000000c8e00000, 0x00000000c8e00000, 0x00000000c8f00000|  0%| F|  |TAMS 0x00000000c8e00000, 0x00000000c8e00000| Untracked 
| 143|0x00000000c8f00000, 0x00000000c8f00000, 0x00000000c9000000|  0%| F|  |TAMS 0x00000000c8f00000, 0x00000000c8f00000| Untracked 
| 144|0x00000000c9000000, 0x00000000c9000000, 0x00000000c9100000|  0%| F|  |TAMS 0x00000000c9000000, 0x00000000c9000000| Untracked 
| 145|0x00000000c9100000, 0x00000000c9100000, 0x00000000c9200000|  0%| F|  |TAMS 0x00000000c9100000, 0x00000000c9100000| Untracked 
| 146|0x00000000c9200000, 0x00000000c9200000, 0x00000000c9300000|  0%| F|  |TAMS 0x00000000c9200000, 0x00000000c9200000| Untracked 
| 147|0x00000000c9300000, 0x00000000c9300000, 0x00000000c9400000|  0%| F|  |TAMS 0x00000000c9300000, 0x00000000c9300000| Untracked 
| 148|0x00000000c9400000, 0x00000000c9400000, 0x00000000c9500000|  0%| F|  |TAMS 0x00000000c9400000, 0x00000000c9400000| Untracked 
| 149|0x00000000c9500000, 0x00000000c9500000, 0x00000000c9600000|  0%| F|  |TAMS 0x00000000c9500000, 0x00000000c9500000| Untracked 
| 150|0x00000000c9600000, 0x00000000c9600000, 0x00000000c9700000|  0%| F|  |TAMS 0x00000000c9600000, 0x00000000c9600000| Untracked 
| 151|0x00000000c9700000, 0x00000000c9700000, 0x00000000c9800000|  0%| F|  |TAMS 0x00000000c9700000, 0x00000000c9700000| Untracked 
| 152|0x00000000c9800000, 0x00000000c9800000, 0x00000000c9900000|  0%| F|  |TAMS 0x00000000c9800000, 0x00000000c9800000| Untracked 
| 153|0x00000000c9900000, 0x00000000c9900000, 0x00000000c9a00000|  0%| F|  |TAMS 0x00000000c9900000, 0x00000000c9900000| Untracked 
| 154|0x00000000c9a00000, 0x00000000c9a00000, 0x00000000c9b00000|  0%| F|  |TAMS 0x00000000c9a00000, 0x00000000c9a00000| Untracked 
| 155|0x00000000c9b00000, 0x00000000c9b00000, 0x00000000c9c00000|  0%| F|  |TAMS 0x00000000c9b00000, 0x00000000c9b00000| Untracked 
| 156|0x00000000c9c00000, 0x00000000c9c00000, 0x00000000c9d00000|  0%| F|  |TAMS 0x00000000c9c00000, 0x00000000c9c00000| Untracked 
| 157|0x00000000c9d00000, 0x00000000c9d00000, 0x00000000c9e00000|  0%| F|  |TAMS 0x00000000c9d00000, 0x00000000c9d00000| Untracked 
| 158|0x00000000c9e00000, 0x00000000c9e00000, 0x00000000c9f00000|  0%| F|  |TAMS 0x00000000c9e00000, 0x00000000c9e00000| Untracked 
| 159|0x00000000c9f00000, 0x00000000c9f00000, 0x00000000ca000000|  0%| F|  |TAMS 0x00000000c9f00000, 0x00000000c9f00000| Untracked 
| 160|0x00000000ca000000, 0x00000000ca000000, 0x00000000ca100000|  0%| F|  |TAMS 0x00000000ca000000, 0x00000000ca000000| Untracked 
| 161|0x00000000ca100000, 0x00000000ca100000, 0x00000000ca200000|  0%| F|  |TAMS 0x00000000ca100000, 0x00000000ca100000| Untracked 
| 162|0x00000000ca200000, 0x00000000ca200000, 0x00000000ca300000|  0%| F|  |TAMS 0x00000000ca200000, 0x00000000ca200000| Untracked 
| 163|0x00000000ca300000, 0x00000000ca300000, 0x00000000ca400000|  0%| F|  |TAMS 0x00000000ca300000, 0x00000000ca300000| Untracked 
| 164|0x00000000ca400000, 0x00000000ca400000, 0x00000000ca500000|  0%| F|  |TAMS 0x00000000ca400000, 0x00000000ca400000| Untracked 
| 165|0x00000000ca500000, 0x00000000ca500000, 0x00000000ca600000|  0%| F|  |TAMS 0x00000000ca500000, 0x00000000ca500000| Untracked 
| 166|0x00000000ca600000, 0x00000000ca600000, 0x00000000ca700000|  0%| F|  |TAMS 0x00000000ca600000, 0x00000000ca600000| Untracked 
| 167|0x00000000ca700000, 0x00000000ca700000, 0x00000000ca800000|  0%| F|  |TAMS 0x00000000ca700000, 0x00000000ca700000| Untracked 
| 168|0x00000000ca800000, 0x00000000ca800000, 0x00000000ca900000|  0%| F|  |TAMS 0x00000000ca800000, 0x00000000ca800000| Untracked 
| 169|0x00000000ca900000, 0x00000000ca900000, 0x00000000caa00000|  0%| F|  |TAMS 0x00000000ca900000, 0x00000000ca900000| Untracked 
| 170|0x00000000caa00000, 0x00000000caa00000, 0x00000000cab00000|  0%| F|  |TAMS 0x00000000caa00000, 0x00000000caa00000| Untracked 
| 171|0x00000000cab00000, 0x00000000cab00000, 0x00000000cac00000|  0%| F|  |TAMS 0x00000000cab00000, 0x00000000cab00000| Untracked 
| 172|0x00000000cac00000, 0x00000000cac00000, 0x00000000cad00000|  0%| F|  |TAMS 0x00000000cac00000, 0x00000000cac00000| Untracked 
| 173|0x00000000cad00000, 0x00000000cad00000, 0x00000000cae00000|  0%| F|  |TAMS 0x00000000cad00000, 0x00000000cad00000| Untracked 
| 174|0x00000000cae00000, 0x00000000cae00000, 0x00000000caf00000|  0%| F|  |TAMS 0x00000000cae00000, 0x00000000cae00000| Untracked 
| 175|0x00000000caf00000, 0x00000000caf00000, 0x00000000cb000000|  0%| F|  |TAMS 0x00000000caf00000, 0x00000000caf00000| Untracked 
| 176|0x00000000cb000000, 0x00000000cb000000, 0x00000000cb100000|  0%| F|  |TAMS 0x00000000cb000000, 0x00000000cb000000| Untracked 
| 177|0x00000000cb100000, 0x00000000cb100000, 0x00000000cb200000|  0%| F|  |TAMS 0x00000000cb100000, 0x00000000cb100000| Untracked 
| 178|0x00000000cb200000, 0x00000000cb200000, 0x00000000cb300000|  0%| F|  |TAMS 0x00000000cb200000, 0x00000000cb200000| Untracked 
| 179|0x00000000cb300000, 0x00000000cb300000, 0x00000000cb400000|  0%| F|  |TAMS 0x00000000cb300000, 0x00000000cb300000| Untracked 
| 180|0x00000000cb400000, 0x00000000cb400000, 0x00000000cb500000|  0%| F|  |TAMS 0x00000000cb400000, 0x00000000cb400000| Untracked 
| 181|0x00000000cb500000, 0x00000000cb500000, 0x00000000cb600000|  0%| F|  |TAMS 0x00000000cb500000, 0x00000000cb500000| Untracked 
| 182|0x00000000cb600000, 0x00000000cb680800, 0x00000000cb700000| 50%| E|  |TAMS 0x00000000cb600000, 0x00000000cb600000| Complete 
| 183|0x00000000cb700000, 0x00000000cb800000, 0x00000000cb800000|100%| E|CS|TAMS 0x00000000cb700000, 0x00000000cb700000| Complete 
| 184|0x00000000cb800000, 0x00000000cb900000, 0x00000000cb900000|100%| E|CS|TAMS 0x00000000cb800000, 0x00000000cb800000| Complete 
| 185|0x00000000cb900000, 0x00000000cba00000, 0x00000000cba00000|100%| E|CS|TAMS 0x00000000cb900000, 0x00000000cb900000| Complete 
| 186|0x00000000cba00000, 0x00000000cbb00000, 0x00000000cbb00000|100%| E|CS|TAMS 0x00000000cba00000, 0x00000000cba00000| Complete 
| 187|0x00000000cbb00000, 0x00000000cbc00000, 0x00000000cbc00000|100%| E|CS|TAMS 0x00000000cbb00000, 0x00000000cbb00000| Complete 
| 188|0x00000000cbc00000, 0x00000000cbd00000, 0x00000000cbd00000|100%| E|CS|TAMS 0x00000000cbc00000, 0x00000000cbc00000| Complete 
| 189|0x00000000cbd00000, 0x00000000cbe00000, 0x00000000cbe00000|100%| E|CS|TAMS 0x00000000cbd00000, 0x00000000cbd00000| Complete 
| 190|0x00000000cbe00000, 0x00000000cbf00000, 0x00000000cbf00000|100%| E|CS|TAMS 0x00000000cbe00000, 0x00000000cbe00000| Complete 
| 191|0x00000000cbf00000, 0x00000000cc000000, 0x00000000cc000000|100%| E|CS|TAMS 0x00000000cbf00000, 0x00000000cbf00000| Complete 
| 192|0x00000000cc000000, 0x00000000cc100000, 0x00000000cc100000|100%| E|CS|TAMS 0x00000000cc000000, 0x00000000cc000000| Complete 
| 193|0x00000000cc100000, 0x00000000cc200000, 0x00000000cc200000|100%| E|CS|TAMS 0x00000000cc100000, 0x00000000cc100000| Complete 
| 194|0x00000000cc200000, 0x00000000cc300000, 0x00000000cc300000|100%| E|CS|TAMS 0x00000000cc200000, 0x00000000cc200000| Complete 
| 195|0x00000000cc300000, 0x00000000cc400000, 0x00000000cc400000|100%| E|CS|TAMS 0x00000000cc300000, 0x00000000cc300000| Complete 
| 196|0x00000000cc400000, 0x00000000cc500000, 0x00000000cc500000|100%| E|CS|TAMS 0x00000000cc400000, 0x00000000cc400000| Complete 
| 197|0x00000000cc500000, 0x00000000cc600000, 0x00000000cc600000|100%| E|CS|TAMS 0x00000000cc500000, 0x00000000cc500000| Complete 
| 198|0x00000000cc600000, 0x00000000cc700000, 0x00000000cc700000|100%| E|CS|TAMS 0x00000000cc600000, 0x00000000cc600000| Complete 
| 199|0x00000000cc700000, 0x00000000cc800000, 0x00000000cc800000|100%| E|CS|TAMS 0x00000000cc700000, 0x00000000cc700000| Complete 
| 200|0x00000000cc800000, 0x00000000cc900000, 0x00000000cc900000|100%| E|CS|TAMS 0x00000000cc800000, 0x00000000cc800000| Complete 
| 201|0x00000000cc900000, 0x00000000cca00000, 0x00000000cca00000|100%| E|CS|TAMS 0x00000000cc900000, 0x00000000cc900000| Complete 
| 202|0x00000000cca00000, 0x00000000ccb00000, 0x00000000ccb00000|100%| E|CS|TAMS 0x00000000cca00000, 0x00000000cca00000| Complete 
| 203|0x00000000ccb00000, 0x00000000ccc00000, 0x00000000ccc00000|100%| E|CS|TAMS 0x00000000ccb00000, 0x00000000ccb00000| Complete 
| 204|0x00000000ccc00000, 0x00000000ccd00000, 0x00000000ccd00000|100%| E|CS|TAMS 0x00000000ccc00000, 0x00000000ccc00000| Complete 
| 205|0x00000000ccd00000, 0x00000000cce00000, 0x00000000cce00000|100%| E|CS|TAMS 0x00000000ccd00000, 0x00000000ccd00000| Complete 
| 206|0x00000000cce00000, 0x00000000ccf00000, 0x00000000ccf00000|100%| E|CS|TAMS 0x00000000cce00000, 0x00000000cce00000| Complete 
| 207|0x00000000ccf00000, 0x00000000cd000000, 0x00000000cd000000|100%| E|CS|TAMS 0x00000000ccf00000, 0x00000000ccf00000| Complete 
| 208|0x00000000cd000000, 0x00000000cd100000, 0x00000000cd100000|100%| E|CS|TAMS 0x00000000cd000000, 0x00000000cd000000| Complete 
| 267|0x00000000d0b00000, 0x00000000d0c00000, 0x00000000d0c00000|100%| E|CS|TAMS 0x00000000d0b00000, 0x00000000d0b00000| Complete 

Card table byte_map: [0x000001fe08bd0000,0x000001fe08dd0000] _byte_map_base: 0x000001fe085d0000

Marking Bits (Prev, Next): (CMBitMap*) 0x000001fe04b60ef0, (CMBitMap*) 0x000001fe04b60eb0
 Prev Bits: [0x000001fe217f0000, 0x000001fe227f0000)
 Next Bits: [0x000001fe08fd0000, 0x000001fe09fd0000)

Polling page: 0x000001fe06c00000

Metaspace:

Usage:
  Non-class:      7.92 MB used.
      Class:      1.45 MB used.
       Both:      9.37 MB used.

Virtual space:
  Non-class space:       64.00 MB reserved,       8.00 MB ( 12%) committed,  1 nodes.
      Class space:        1.00 GB reserved,       1.56 MB ( <1%) committed,  1 nodes.
             Both:        1.06 GB reserved,       9.56 MB ( <1%) committed. 

Chunk freelists:
   Non-Class:  6.51 MB
       Class:  14.47 MB
        Both:  20.98 MB

MaxMetaspaceSize: unlimited
CompressedClassSpaceSize: 1.00 GB
Initial GC threshold: 21.00 MB
Current GC threshold: 21.00 MB
CDS: on
MetaspaceReclaimPolicy: balanced
 - commit_granule_bytes: 65536.
 - commit_granule_words: 8192.
 - virtual_space_node_default_size: 8388608.
 - enlarge_chunks_in_place: 1.
 - new_chunks_are_fully_committed: 0.
 - uncommit_free_chunks: 1.
 - use_allocation_guard: 0.
 - handle_deallocations: 1.


Internal statistics:

num_allocs_failed_limit: 0.
num_arena_births: 104.
num_arena_deaths: 0.
num_vsnodes_births: 2.
num_vsnodes_deaths: 0.
num_space_committed: 153.
num_space_uncommitted: 0.
num_chunks_returned_to_freelist: 0.
num_chunks_taken_from_freelist: 376.
num_chunk_merges: 0.
num_chunk_splits: 286.
num_chunks_enlarged: 238.
num_inconsistent_stats: 0.

CodeHeap 'non-profiled nmethods': size=120000Kb used=1933Kb max_used=1933Kb free=118066Kb
 bounds [0x000001fe1a2c0000, 0x000001fe1a530000, 0x000001fe217f0000]
CodeHeap 'profiled nmethods': size=120000Kb used=4511Kb max_used=4511Kb free=115489Kb
 bounds [0x000001fe127f0000, 0x000001fe12c60000, 0x000001fe19d20000]
CodeHeap 'non-nmethods': size=5760Kb used=1153Kb max_used=1285Kb free=4606Kb
 bounds [0x000001fe19d20000, 0x000001fe19f90000, 0x000001fe1a2c0000]
 total_blobs=3235 nmethods=2799 adapters=348
 compilation: enabled
              stopped_count=0, restarted_count=0
 full_count=0

Compilation events (20 events):
Event: 3.206 Thread 0x000001fe04a96470 nmethod 2793 0x000001fe12c55590 code [0x000001fe12c55740, 0x000001fe12c55af8]
Event: 3.206 Thread 0x000001fe04a96470 2794       3       java.util.stream.ReduceOps$3ReducingSink::<init> (20 bytes)
Event: 3.206 Thread 0x000001fe04a96470 nmethod 2794 0x000001fe12c55c10 code [0x000001fe12c55dc0, 0x000001fe12c56098]
Event: 3.206 Thread 0x000001fe04a96470 2795       3       java.util.stream.ReduceOps$Box::<init> (5 bytes)
Event: 3.206 Thread 0x000001fe04a96470 nmethod 2795 0x000001fe12c56190 code [0x000001fe12c56320, 0x000001fe12c56478]
Event: 3.206 Thread 0x000001fe04a96470 2796       3       java.util.stream.ReduceOps$3ReducingSink::begin (14 bytes)
Event: 3.206 Thread 0x000001fe04a96470 nmethod 2796 0x000001fe12c56510 code [0x000001fe12c566c0, 0x000001fe12c568e8]
Event: 3.206 Thread 0x000001fe04a96470 2797       3       java.util.stream.Collectors$$Lambda$43/0x800000051::get (16 bytes)
Event: 3.206 Thread 0x000001fe04a96470 nmethod 2797 0x000001fe12c56990 code [0x000001fe12c56b20, 0x000001fe12c56c68]
Event: 3.206 Thread 0x000001fe04a96470 2798       3       java.util.stream.Collectors::lambda$joining$11 (11 bytes)
Event: 3.206 Thread 0x000001fe04a96470 nmethod 2798 0x000001fe12c56d10 code [0x000001fe12c56ec0, 0x000001fe12c57068]
Event: 3.206 Thread 0x000001fe04a96470 2787       3       java.util.TreeMap$KeyIterator::next (8 bytes)
Event: 3.206 Thread 0x000001fe04a96470 nmethod 2787 0x000001fe12c57110 code [0x000001fe12c572c0, 0x000001fe12c57408]
Event: 3.206 Thread 0x000001fe04a96470 2788       3       java.util.TreeMap$PrivateEntryIterator::nextEntry (54 bytes)
Event: 3.207 Thread 0x000001fe04a96470 nmethod 2788 0x000001fe12c57510 code [0x000001fe12c576e0, 0x000001fe12c57ac8]
Event: 3.207 Thread 0x000001fe04a96470 2783       1       scala.collection.mutable.DefaultEntry::next_$eq (6 bytes)
Event: 3.207 Thread 0x000001fe04a96470 nmethod 2783 0x000001fe1a47a110 code [0x000001fe1a47a2a0, 0x000001fe1a47a3b8]
Event: 3.207 Thread 0x000001fe04a96470 2784       1       scala.collection.mutable.DefaultEntry::key (5 bytes)
Event: 3.207 Thread 0x000001fe04a96470 nmethod 2784 0x000001fe1a47a410 code [0x000001fe1a47a5a0, 0x000001fe1a47a678]
Event: 3.207 Thread 0x000001fe04a9b420 2800       4       java.lang.reflect.Method::copy (84 bytes)

GC Heap History (20 events):
Event: 1.765 GC heap before
{Heap before GC invocations=19 (full 4):
 garbage-first heap   total 71680K, used 52540K [0x00000000c0000000, 0x0000000100000000)
  region size 1024K, 26 young (26624K), 4 survivors (4096K)
 Metaspace       used 7909K, committed 8128K, reserved 1114112K
  class space    used 1209K, committed 1344K, reserved 1048576K
}
Event: 1.774 GC heap after
{Heap after GC invocations=20 (full 4):
 garbage-first heap   total 71680K, used 32829K [0x00000000c0000000, 0x0000000100000000)
  region size 1024K, 3 young (3072K), 3 survivors (3072K)
 Metaspace       used 7909K, committed 8128K, reserved 1114112K
  class space    used 1209K, committed 1344K, reserved 1048576K
}
Event: 1.797 GC heap before
{Heap before GC invocations=20 (full 4):
 garbage-first heap   total 71680K, used 54333K [0x00000000c0000000, 0x0000000100000000)
  region size 1024K, 24 young (24576K), 3 survivors (3072K)
 Metaspace       used 7909K, committed 8128K, reserved 1114112K
  class space    used 1209K, committed 1344K, reserved 1048576K
}
Event: 1.803 GC heap after
{Heap after GC invocations=21 (full 4):
 garbage-first heap   total 151552K, used 34731K [0x00000000c0000000, 0x0000000100000000)
  region size 1024K, 3 young (3072K), 3 survivors (3072K)
 Metaspace       used 7909K, committed 8128K, reserved 1114112K
  class space    used 1209K, committed 1344K, reserved 1048576K
}
Event: 1.927 GC heap before
{Heap before GC invocations=21 (full 4):
 garbage-first heap   total 151552K, used 113579K [0x00000000c0000000, 0x0000000100000000)
  region size 1024K, 80 young (81920K), 3 survivors (3072K)
 Metaspace       used 7910K, committed 8128K, reserved 1114112K
  class space    used 1209K, committed 1344K, reserved 1048576K
}
Event: 1.941 GC heap after
{Heap after GC invocations=22 (full 4):
 garbage-first heap   total 151552K, used 41797K [0x00000000c0000000, 0x0000000100000000)
  region size 1024K, 10 young (10240K), 10 survivors (10240K)
 Metaspace       used 7910K, committed 8128K, reserved 1114112K
  class space    used 1209K, committed 1344K, reserved 1048576K
}
Event: 2.346 GC heap before
{Heap before GC invocations=22 (full 4):
 garbage-first heap   total 151552K, used 123717K [0x00000000c0000000, 0x0000000100000000)
  region size 1024K, 78 young (79872K), 10 survivors (10240K)
 Metaspace       used 9278K, committed 9472K, reserved 1114112K
  class space    used 1424K, committed 1536K, reserved 1048576K
}
Event: 2.381 GC heap after
{Heap after GC invocations=23 (full 4):
 garbage-first heap   total 151552K, used 69872K [0x00000000c0000000, 0x0000000100000000)
  region size 1024K, 10 young (10240K), 10 survivors (10240K)
 Metaspace       used 9278K, committed 9472K, reserved 1114112K
  class space    used 1424K, committed 1536K, reserved 1048576K
}
Event: 2.461 GC heap before
{Heap before GC invocations=23 (full 4):
 garbage-first heap   total 151552K, used 116976K [0x00000000c0000000, 0x0000000100000000)
  region size 1024K, 56 young (57344K), 10 survivors (10240K)
 Metaspace       used 9313K, committed 9536K, reserved 1114112K
  class space    used 1424K, committed 1536K, reserved 1048576K
}
Event: 2.479 GC heap after
{Heap after GC invocations=24 (full 4):
 garbage-first heap   total 151552K, used 76726K [0x00000000c0000000, 0x0000000100000000)
  region size 1024K, 7 young (7168K), 7 survivors (7168K)
 Metaspace       used 9313K, committed 9536K, reserved 1114112K
  class space    used 1424K, committed 1536K, reserved 1048576K
}
Event: 2.538 GC heap before
{Heap before GC invocations=24 (full 4):
 garbage-first heap   total 151552K, used 119734K [0x00000000c0000000, 0x0000000100000000)
  region size 1024K, 49 young (50176K), 7 survivors (7168K)
 Metaspace       used 9313K, committed 9536K, reserved 1114112K
  class space    used 1424K, committed 1536K, reserved 1048576K
}
Event: 2.550 GC heap after
{Heap after GC invocations=25 (full 4):
 garbage-first heap   total 311296K, used 82101K [0x00000000c0000000, 0x0000000100000000)
  region size 1024K, 6 young (6144K), 6 survivors (6144K)
 Metaspace       used 9313K, committed 9536K, reserved 1114112K
  class space    used 1424K, committed 1536K, reserved 1048576K
}
Event: 2.670 GC heap before
{Heap before GC invocations=26 (full 4):
 garbage-first heap   total 304128K, used 108725K [0x00000000c0000000, 0x0000000100000000)
  region size 1024K, 42 young (43008K), 6 survivors (6144K)
 Metaspace       used 9358K, committed 9536K, reserved 1114112K
  class space    used 1453K, committed 1536K, reserved 1048576K
}
Event: 2.710 GC heap after
{Heap after GC invocations=27 (full 5):
 garbage-first heap   total 215040K, used 60798K [0x00000000c0000000, 0x0000000100000000)
  region size 1024K, 0 young (0K), 0 survivors (0K)
 Metaspace       used 9358K, committed 9536K, reserved 1114112K
  class space    used 1453K, committed 1536K, reserved 1048576K
}
Event: 2.889 GC heap before
{Heap before GC invocations=27 (full 5):
 garbage-first heap   total 215040K, used 153982K [0x00000000c0000000, 0x0000000100000000)
  region size 1024K, 91 young (93184K), 0 survivors (0K)
 Metaspace       used 9361K, committed 9600K, reserved 1114112K
  class space    used 1455K, committed 1600K, reserved 1048576K
}
Event: 2.899 GC heap after
{Heap after GC invocations=28 (full 5):
 garbage-first heap   total 215040K, used 71427K [0x00000000c0000000, 0x0000000100000000)
  region size 1024K, 11 young (11264K), 11 survivors (11264K)
 Metaspace       used 9361K, committed 9600K, reserved 1114112K
  class space    used 1455K, committed 1600K, reserved 1048576K
}
Event: 2.963 GC heap before
{Heap before GC invocations=28 (full 5):
 garbage-first heap   total 215040K, used 124675K [0x00000000c0000000, 0x0000000100000000)
  region size 1024K, 64 young (65536K), 11 survivors (11264K)
 Metaspace       used 9361K, committed 9600K, reserved 1114112K
  class space    used 1455K, committed 1600K, reserved 1048576K
}
Event: 3.027 GC heap after
{Heap after GC invocations=29 (full 6):
 garbage-first heap   total 215040K, used 72625K [0x00000000c0000000, 0x0000000100000000)
  region size 1024K, 0 young (0K), 0 survivors (0K)
 Metaspace       used 9361K, committed 9600K, reserved 1114112K
  class space    used 1455K, committed 1600K, reserved 1048576K
}
Event: 3.130 GC heap before
{Heap before GC invocations=29 (full 6):
 garbage-first heap   total 215040K, used 160689K [0x00000000c0000000, 0x0000000100000000)
  region size 1024K, 86 young (88064K), 0 survivors (0K)
 Metaspace       used 9362K, committed 9600K, reserved 1114112K
  class space    used 1455K, committed 1600K, reserved 1048576K
}
Event: 3.142 GC heap after
{Heap after GC invocations=30 (full 6):
 garbage-first heap   total 215040K, used 83590K [0x00000000c0000000, 0x0000000100000000)
  region size 1024K, 11 young (11264K), 11 survivors (11264K)
 Metaspace       used 9362K, committed 9600K, reserved 1114112K
  class space    used 1455K, committed 1600K, reserved 1048576K
}

Deoptimization events (20 events):
Event: 3.089 Thread 0x000001fe04c3a900 Uncommon trap: trap_request=0xffffffde fr.pc=0x000001fe1a45b404 relative=0x0000000000000164
Event: 3.089 Thread 0x000001fe04c3a900 Uncommon trap: reason=class_check action=maybe_recompile pc=0x000001fe1a45b404 method=scala.collection.mutable.MapBuilder.$plus$eq(Lscala/Tuple2;)Lscala/collection/mutable/MapBuilder; @ 6 c2
Event: 3.089 Thread 0x000001fe04c3a900 DEOPT PACKING pc=0x000001fe1a45b404 sp=0x000000d223fec570
Event: 3.089 Thread 0x000001fe04c3a900 DEOPT UNPACKING pc=0x000001fe19d723a3 sp=0x000000d223fec4b8 mode 2
Event: 3.178 Thread 0x000001fe04c3a900 Uncommon trap: trap_request=0xffffff45 fr.pc=0x000001fe1a3a0d2c relative=0x000000000000096c
Event: 3.178 Thread 0x000001fe04c3a900 Uncommon trap: reason=unstable_if action=reinterpret pc=0x000001fe1a3a0d2c method=scala.collection.immutable.HashMap$HashTrieMap.get0(Ljava/lang/Object;II)Lscala/Option; @ 13 c2
Event: 3.178 Thread 0x000001fe04c3a900 DEOPT PACKING pc=0x000001fe1a3a0d2c sp=0x000000d223feca00
Event: 3.178 Thread 0x000001fe04c3a900 DEOPT UNPACKING pc=0x000001fe19d723a3 sp=0x000000d223fec918 mode 2
Event: 3.178 Thread 0x000001fe04c3a900 Uncommon trap: trap_request=0xffffff45 fr.pc=0x000001fe1a39d2a8 relative=0x0000000000000608
Event: 3.178 Thread 0x000001fe04c3a900 Uncommon trap: reason=unstable_if action=reinterpret pc=0x000001fe1a39d2a8 method=scala.collection.immutable.HashMap$HashTrieMap.get0(Ljava/lang/Object;II)Lscala/Option; @ 13 c2
Event: 3.178 Thread 0x000001fe04c3a900 DEOPT PACKING pc=0x000001fe1a39d2a8 sp=0x000000d223fec8f0
Event: 3.178 Thread 0x000001fe04c3a900 DEOPT UNPACKING pc=0x000001fe19d723a3 sp=0x000000d223fec880 mode 2
Event: 3.203 Thread 0x000001fe04c3a900 Uncommon trap: trap_request=0xffffffde fr.pc=0x000001fe1a40ad80 relative=0x00000000000014e0
Event: 3.203 Thread 0x000001fe04c3a900 Uncommon trap: reason=class_check action=maybe_recompile pc=0x000001fe1a40ad80 method=java.util.HashMap.putVal(ILjava/lang/Object;Ljava/lang/Object;ZZ)Ljava/lang/Object; @ 91 c2
Event: 3.203 Thread 0x000001fe04c3a900 DEOPT PACKING pc=0x000001fe1a40ad80 sp=0x000000d223fec8d0
Event: 3.203 Thread 0x000001fe04c3a900 DEOPT UNPACKING pc=0x000001fe19d723a3 sp=0x000000d223fec870 mode 2
Event: 3.206 Thread 0x000001fe04c3a900 Uncommon trap: trap_request=0xffffff45 fr.pc=0x000001fe1a3011f4 relative=0x0000000000000074
Event: 3.206 Thread 0x000001fe04c3a900 Uncommon trap: reason=unstable_if action=reinterpret pc=0x000001fe1a3011f4 method=jdk.internal.misc.Unsafe.convEndian(ZI)I @ 4 c2
Event: 3.206 Thread 0x000001fe04c3a900 DEOPT PACKING pc=0x000001fe1a3011f4 sp=0x000000d223fea500
Event: 3.206 Thread 0x000001fe04c3a900 DEOPT UNPACKING pc=0x000001fe19d723a3 sp=0x000000d223fea408 mode 2

Classes unloaded (0 events):
No events

Classes redefined (0 events):
No events

Internal exceptions (20 events):
Event: 0.805 Thread 0x000001fe04c3a900 Exception <a 'java/lang/NoSuchMethodError'{0x00000000c13c5478}: 'java.lang.Object java.lang.invoke.Invokers$Holder.invokeExact_MT(java.lang.Object, java.lang.Object, java.lang.Object, java.lang.Object, java.lang.Object, java.lang.Object)'> (0x00000000c13c5478) 
thrown [s\open\src\hotspot\share\interpreter\linkResolver.cpp, line 759]
Event: 0.969 Thread 0x000001fe04c3a900 Exception <a 'java/lang/NoSuchMethodError'{0x00000000c17339c8}: 'java.lang.Object java.lang.invoke.DirectMethodHandle$Holder.invokeStaticInit(java.lang.Object, java.lang.Object, java.lang.Object)'> (0x00000000c17339c8) 
thrown [s\open\src\hotspot\share\interpreter\linkResolver.cpp, line 759]
Event: 1.028 Thread 0x000001fe04c3a900 Exception <a 'java/lang/NoSuchMethodError'{0x00000000c15ea960}: 'int java.lang.invoke.DirectMethodHandle$Holder.invokeStatic(java.lang.Object, java.lang.Object, int)'> (0x00000000c15ea960) 
thrown [s\open\src\hotspot\share\interpreter\linkResolver.cpp, line 759]
Event: 1.043 Thread 0x000001fe04c3a900 Exception <a 'java/lang/NoSuchMethodError'{0x00000000c14c1ae8}: 'java.lang.Object java.lang.invoke.DirectMethodHandle$Holder.newInvokeSpecial(java.lang.Object, java.lang.Object, java.lang.Object, java.lang.Object, java.lang.Object)'> (0x00000000c14c1ae8) 
thrown [s\open\src\hotspot\share\interpreter\linkResolver.cpp, line 759]
Event: 1.061 Thread 0x000001fe04c3a900 Exception <a 'java/lang/NoSuchMethodError'{0x00000000c130ba58}: 'java.lang.Object java.lang.invoke.DirectMethodHandle$Holder.invokeStatic(java.lang.Object, java.lang.Object, int, java.lang.Object, java.lang.Object)'> (0x00000000c130ba58) 
thrown [s\open\src\hotspot\share\interpreter\linkResolver.cpp, line 759]
Event: 1.062 Thread 0x000001fe04c3a900 Exception <a 'java/lang/NoSuchMethodError'{0x00000000c1315ca0}: 'java.lang.Object java.lang.invoke.DirectMethodHandle$Holder.newInvokeSpecial(java.lang.Object, java.lang.Object, int, java.lang.Object)'> (0x00000000c1315ca0) 
thrown [s\open\src\hotspot\share\interpreter\linkResolver.cpp, line 759]
Event: 1.062 Thread 0x000001fe04c3a900 Exception <a 'java/lang/NoSuchMethodError'{0x00000000c1319b18}: 'java.lang.Object java.lang.invoke.DirectMethodHandle$Holder.invokeSpecial(java.lang.Object, java.lang.Object, java.lang.Object, int, java.lang.Object)'> (0x00000000c1319b18) 
thrown [s\open\src\hotspot\share\interpreter\linkResolver.cpp, line 759]
Event: 1.080 Thread 0x000001fe04c3a900 Exception <a 'java/lang/NoSuchMethodError'{0x00000000c13da3d0}: 'java.lang.Object java.lang.invoke.DirectMethodHandle$Holder.invokeStaticInit(java.lang.Object, java.lang.Object, java.lang.Object, java.lang.Object)'> (0x00000000c13da3d0) 
thrown [s\open\src\hotspot\share\interpreter\linkResolver.cpp, line 759]
Event: 1.090 Thread 0x000001fe04c3a900 Exception <a 'java/lang/NoSuchMethodError'{0x00000000c124ffc0}: 'void java.lang.invoke.DirectMethodHandle$Holder.invokeStatic(java.lang.Object, java.lang.Object)'> (0x00000000c124ffc0) 
thrown [s\open\src\hotspot\share\interpreter\linkResolver.cpp, line 759]
Event: 1.338 Thread 0x000001fe04c3a900 Exception <a 'java/lang/NoSuchMethodError'{0x00000000c8c058f8}: 'java.lang.Object java.lang.invoke.DirectMethodHandle$Holder.invokeStatic(java.lang.Object, java.lang.Object, int, java.lang.Object)'> (0x00000000c8c058f8) 
thrown [s\open\src\hotspot\share\interpreter\linkResolver.cpp, line 759]
Event: 1.339 Thread 0x000001fe04c3a900 Exception <a 'java/lang/NoSuchMethodError'{0x00000000c8c0e248}: 'java.lang.Object java.lang.invoke.DirectMethodHandle$Holder.newInvokeSpecial(java.lang.Object, java.lang.Object, int)'> (0x00000000c8c0e248) 
thrown [s\open\src\hotspot\share\interpreter\linkResolver.cpp, line 759]
Event: 1.348 Thread 0x000001fe04c3a900 Exception <a 'java/lang/NoSuchMethodError'{0x00000000c8c338d0}: 'java.lang.Object java.lang.invoke.DirectMethodHandle$Holder.invokeStatic(java.lang.Object, int, java.lang.Object)'> (0x00000000c8c338d0) 
thrown [s\open\src\hotspot\share\interpreter\linkResolver.cpp, line 759]
Event: 2.076 Thread 0x000001fe04c3a900 Exception <a 'java/lang/NoSuchMethodError'{0x00000000c7be6968}: 'java.lang.Object java.lang.invoke.DirectMethodHandle$Holder.newInvokeSpecial(java.lang.Object, java.lang.Object, java.lang.Object, java.lang.Object, java.lang.Object, int)'> (0x00000000c7be6968) 
thrown [s\open\src\hotspot\share\interpreter\linkResolver.cpp, line 759]
Event: 2.076 Thread 0x000001fe04c3a900 Exception <a 'java/lang/NoSuchMethodError'{0x00000000c7beafd0}: 'java.lang.Object java.lang.invoke.DirectMethodHandle$Holder.invokeSpecial(java.lang.Object, java.lang.Object, java.lang.Object, java.lang.Object, java.lang.Object, java.lang.Object, int)'> (0x00000000c7beafd0) 
thrown [s\open\src\hotspot\share\interpreter\linkResolver.cpp, line 759]
Event: 2.104 Thread 0x000001fe04c3a900 Exception <a 'java/lang/NoSuchMethodError'{0x00000000c7ab18c0}: 'java.lang.Object java.lang.invoke.DirectMethodHandle$Holder.newInvokeSpecial(java.lang.Object, java.lang.Object, java.lang.Object, java.lang.Object, int, java.lang.Object)'> (0x00000000c7ab18c0) 
thrown [s\open\src\hotspot\share\interpreter\linkResolver.cpp, line 759]
Event: 2.105 Thread 0x000001fe04c3a900 Exception <a 'java/lang/NoSuchMethodError'{0x00000000c7ab5b98}: 'java.lang.Object java.lang.invoke.DirectMethodHandle$Holder.invokeSpecial(java.lang.Object, java.lang.Object, java.lang.Object, java.lang.Object, java.lang.Object, int, java.lang.Object)'> (0x00000000c7ab5b98) 
thrown [s\open\src\hotspot\share\interpreter\linkResolver.cpp, line 759]
Event: 2.120 Thread 0x000001fe04c3a900 Exception <a 'java/lang/NoSuchMethodError'{0x00000000c7af7c48}: 'java.lang.Object java.lang.invoke.DirectMethodHandle$Holder.invokeStaticInit(java.lang.Object, java.lang.Object, java.lang.Object, java.lang.Object, java.lang.Object)'> (0x00000000c7af7c48) 
thrown [s\open\src\hotspot\share\interpreter\linkResolver.cpp, line 759]
Event: 2.121 Thread 0x000001fe04c3a900 Exception <a 'java/lang/NoSuchMethodError'{0x00000000c7afeef0}: 'java.lang.Object java.lang.invoke.Invokers$Holder.invoke_MT(java.lang.Object, java.lang.Object, java.lang.Object, java.lang.Object, java.lang.Object, java.lang.Object)'> (0x00000000c7afeef0) 
thrown [s\open\src\hotspot\share\interpreter\linkResolver.cpp, line 759]
Event: 2.122 Thread 0x000001fe04c3a900 Exception <a 'java/lang/NoSuchMethodError'{0x00000000c7908368}: 'java.lang.Object java.lang.invoke.Invokers$Holder.invoker(java.lang.Object, java.lang.Object, java.lang.Object)'> (0x00000000c7908368) 
thrown [s\open\src\hotspot\share\interpreter\linkResolver.cpp, line 759]
Event: 2.123 Thread 0x000001fe04c3a900 Exception <a 'java/lang/NoSuchMethodError'{0x00000000c79111f8}: 'java.lang.Object java.lang.invoke.Invokers$Holder.invokeExact_MT(java.lang.Object, java.lang.Object, java.lang.Object, java.lang.Object)'> (0x00000000c79111f8) 
thrown [s\open\src\hotspot\share\interpreter\linkResolver.cpp, line 759]

VM Operations (20 events):
Event: 2.346 Executing VM operation: G1CollectForAllocation
Event: 2.381 Executing VM operation: G1CollectForAllocation done
Event: 2.416 Executing VM operation: HandshakeAllThreads
Event: 2.416 Executing VM operation: HandshakeAllThreads done
Event: 2.461 Executing VM operation: G1CollectForAllocation
Event: 2.479 Executing VM operation: G1CollectForAllocation done
Event: 2.538 Executing VM operation: G1CollectForAllocation
Event: 2.550 Executing VM operation: G1CollectForAllocation done
Event: 2.595 Executing VM operation: G1Concurrent
Event: 2.597 Executing VM operation: G1Concurrent done
Event: 2.622 Executing VM operation: G1Concurrent
Event: 2.622 Executing VM operation: G1Concurrent done
Event: 2.670 Executing VM operation: G1CollectFull
Event: 2.711 Executing VM operation: G1CollectFull done
Event: 2.889 Executing VM operation: G1CollectForAllocation
Event: 2.899 Executing VM operation: G1CollectForAllocation done
Event: 2.963 Executing VM operation: G1CollectFull
Event: 3.027 Executing VM operation: G1CollectFull done
Event: 3.130 Executing VM operation: G1CollectForAllocation
Event: 3.142 Executing VM operation: G1CollectForAllocation done

Events (20 events):
Event: 2.125 loading class java/util/concurrent/locks/ReentrantReadWriteLock$NonfairSync done
Event: 2.125 loading class java/util/concurrent/locks/ReentrantReadWriteLock$Sync$ThreadLocalHoldCounter
Event: 2.125 loading class java/util/concurrent/locks/ReentrantReadWriteLock$Sync$ThreadLocalHoldCounter done
Event: 2.125 loading class java/util/concurrent/locks/ReentrantReadWriteLock$ReadLock
Event: 2.125 loading class java/util/concurrent/locks/ReentrantReadWriteLock$ReadLock done
Event: 2.125 loading class java/util/concurrent/locks/ReentrantReadWriteLock$WriteLock
Event: 2.125 loading class java/util/concurrent/locks/ReentrantReadWriteLock$WriteLock done
Event: 2.151 loading class java/util/zip/CheckedInputStream
Event: 2.151 loading class java/util/zip/CheckedInputStream done
Event: 2.153 loading class jdk/internal/math/FloatingDecimal$ASCIIToBinaryBuffer
Event: 2.153 loading class jdk/internal/math/FloatingDecimal$ASCIIToBinaryBuffer done
Event: 2.172 Thread 0x000001fe04a99990 Thread added: 0x000001fe04a99990
Event: 2.261 loading class java/io/SequenceInputStream
Event: 2.262 loading class java/io/SequenceInputStream done
Event: 2.262 loading class java/util/zip/GZIPInputStream$1
Event: 2.262 loading class java/util/zip/GZIPInputStream$1 done
Event: 2.262 loading class java/util/Vector$1
Event: 2.262 loading class java/util/Vector$1 done
Event: 3.206 loading class java/lang/SafeVarargs
Event: 3.206 loading class java/lang/SafeVarargs done


Dynamic libraries:
0x00007ff705b60000 - 0x00007ff705b7a000 	c:\Users\user\AppData\Local\Programs\Python\Python312\python.exe
0x00007ffb71490000 - 0x00007ffb71688000 	C:\Windows\SYSTEM32\ntdll.dll
0x00007ffb6f7a0000 - 0x00007ffb6f861000 	C:\Windows\System32\KERNEL32.DLL
0x00007ffb6ebe0000 - 0x00007ffb6eed6000 	C:\Windows\System32\KERNELBASE.dll
0x00007ffb6f060000 - 0x00007ffb6f160000 	C:\Windows\System32\ucrtbase.dll
0x00007ffb13d30000 - 0x00007ffb143d7000 	c:\Users\user\AppData\Local\Programs\Python\Python312\python312.dll
0x00007ffb642b0000 - 0x00007ffb642cd000 	c:\Users\user\AppData\Local\Programs\Python\Python312\VCRUNTIME140.dll
0x00007ffb713b0000 - 0x00007ffb7141b000 	C:\Windows\System32\WS2_32.dll
0x00007ffb6f670000 - 0x00007ffb6f793000 	C:\Windows\System32\RPCRT4.dll
0x00007ffb69430000 - 0x00007ffb6943a000 	C:\Windows\SYSTEM32\VERSION.dll
0x00007ffb709f0000 - 0x00007ffb70a8e000 	C:\Windows\System32\msvcrt.dll
0x00007ffb6eee0000 - 0x00007ffb6ef07000 	C:\Windows\System32\bcrypt.dll
0x00007ffb6fa10000 - 0x00007ffb6fac0000 	C:\Windows\System32\ADVAPI32.dll
0x00007ffb70c00000 - 0x00007ffb70ca0000 	C:\Windows\System32\sechost.dll
0x00007ffb6f430000 - 0x00007ffb6f4b2000 	C:\Windows\System32\bcryptprimitives.dll
0x000001fe5e8e0000 - 0x000001fe5e8ef000 	c:\Users\user\AppData\Local\Programs\Python\Python312\python3.DLL
0x00007ffb69ee0000 - 0x00007ffb69eeb000 	c:\Users\user\AppData\Local\Programs\Python\Python312\DLLs\_wmi.pyd
0x00007ffb6fbe0000 - 0x00007ffb6fcad000 	C:\Windows\System32\OLEAUT32.dll
0x00007ffb6ef10000 - 0x00007ffb6efad000 	C:\Windows\System32\msvcp_win.dll
0x00007ffb6fcb0000 - 0x00007ffb70003000 	C:\Windows\System32\combase.dll
0x00007ffb69cc0000 - 0x00007ffb69db6000 	C:\Windows\SYSTEM32\PROPSYS.dll
0x00007ffb66bc0000 - 0x00007ffb66bcc000 	c:\Users\user\AppData\Local\Programs\Python\Python312\VCRUNTIME140_1.dll
0x00007ffb2cf80000 - 0x00007ffb2d04d000 	C:\Users\user\AppData\Roaming\Python\Python312\site-packages\zmq\backend\cython\_zmq.cp312-win_amd64.pyd
0x00007ffb2cad0000 - 0x00007ffb2cb6b000 	C:\Users\user\AppData\Roaming\Python\Python312\site-packages\pyzmq.libs\msvcp140-587ef1e98d22156d27ef55ba57e44cb3.dll
0x00007ffb6df50000 - 0x00007ffb6df8b000 	C:\Windows\SYSTEM32\IPHLPAPI.DLL
0x00007ffb6e4b0000 - 0x00007ffb6e4bc000 	C:\Windows\SYSTEM32\CRYPTBASE.DLL
0x00007ffb60630000 - 0x00007ffb60646000 	c:\Users\user\AppData\Local\Programs\Python\Python312\DLLs\_socket.pyd
0x00007ffb65ab0000 - 0x00007ffb65ab9000 	c:\Users\user\AppData\Local\Programs\Python\Python312\DLLs\select.pyd
0x00007ffb60110000 - 0x00007ffb6013d000 	c:\Users\user\AppData\Local\Programs\Python\Python312\DLLs\_ssl.pyd
0x00007ffb6f2d0000 - 0x00007ffb6f42e000 	C:\Windows\System32\CRYPT32.dll
0x00007ffb19120000 - 0x00007ffb19619000 	c:\Users\user\AppData\Local\Programs\Python\Python312\DLLs\libcrypto-3.dll
0x00007ffb25780000 - 0x00007ffb25842000 	c:\Users\user\AppData\Local\Programs\Python\Python312\DLLs\libssl-3.dll
0x00007ffb6f870000 - 0x00007ffb6fa0f000 	C:\Windows\System32\USER32.dll
0x00007ffb6ebb0000 - 0x00007ffb6ebd2000 	C:\Windows\System32\win32u.dll
0x00007ffb71420000 - 0x00007ffb7144b000 	C:\Windows\System32\GDI32.dll
0x00007ffb6f160000 - 0x00007ffb6f277000 	C:\Windows\System32\gdi32full.dll
0x00007ffb712d0000 - 0x00007ffb712ff000 	C:\Windows\System32\IMM32.DLL
0x00007ffb64660000 - 0x00007ffb64672000 	c:\Users\user\AppData\Local\Programs\Python\Python312\DLLs\_asyncio.pyd
0x00007ffb66270000 - 0x00007ffb6627e000 	c:\Users\user\AppData\Local\Programs\Python\Python312\DLLs\_overlapped.pyd
0x00007ffb6e2c0000 - 0x00007ffb6e32a000 	C:\Windows\system32\mswsock.dll
0x00007ffb4f3a0000 - 0x00007ffb4f3b6000 	c:\Users\user\AppData\Local\Programs\Python\Python312\DLLs\_bz2.pyd
0x00007ffb4f310000 - 0x00007ffb4f339000 	c:\Users\user\AppData\Local\Programs\Python\Python312\DLLs\_lzma.pyd
0x00007ffb64350000 - 0x00007ffb64359000 	c:\Users\user\AppData\Local\Programs\Python\Python312\DLLs\_queue.pyd
0x00007ffb64360000 - 0x00007ffb64371000 	c:\Users\user\AppData\Local\Programs\Python\Python312\DLLs\_hashlib.pyd
0x00007ffb61120000 - 0x00007ffb61128000 	C:\Users\user\AppData\Roaming\Python\Python312\site-packages\tornado\speedups.pyd
0x00007ffb57150000 - 0x00007ffb57170000 	c:\Users\user\AppData\Local\Programs\Python\Python312\DLLs\_ctypes.pyd
0x00007ffb70010000 - 0x00007ffb7013b000 	C:\Windows\System32\ole32.dll
0x00007ffb631f0000 - 0x00007ffb631fb000 	c:\Users\user\AppData\Local\Programs\Python\Python312\DLLs\libffi-8.dll
0x00007ffb4d150000 - 0x00007ffb4d190000 	c:\Users\user\AppData\Local\Programs\Python\Python312\DLLs\_decimal.pyd
0x00007ffb54b60000 - 0x00007ffb54b68000 	c:\Users\user\AppData\Local\Programs\Python\Python312\DLLs\_uuid.pyd
0x00007ffb70280000 - 0x00007ffb709ec000 	C:\Windows\System32\shell32.DLL
0x00007ffb4d0f0000 - 0x00007ffb4d10f000 	c:\Users\user\AppData\Local\Programs\Python\Python312\DLLs\_sqlite3.pyd
0x00007ffb1dfb0000 - 0x00007ffb1e129000 	c:\Users\user\AppData\Local\Programs\Python\Python312\DLLs\sqlite3.dll
0x00007ffb42f00000 - 0x00007ffb42f32000 	c:\Users\user\AppData\Local\Programs\Python\Python312\DLLs\pyexpat.pyd
0x00007ffb1d920000 - 0x00007ffb1da37000 	c:\Users\user\AppData\Local\Programs\Python\Python312\DLLs\unicodedata.pyd
0x00007ffb6c9e0000 - 0x00007ffb6c9f2000 	C:\Windows\SYSTEM32\kernel.appcore.dll
0x00007ffb6c500000 - 0x00007ffb6c59e000 	C:\Windows\system32\uxtheme.dll
0x00007ffb70af0000 - 0x00007ffb70b99000 	C:\Windows\System32\clbcatq.dll
0x00007ffb55140000 - 0x00007ffb5515f000 	C:\Windows\SYSTEM32\amsi.dll
0x00007ffb6ea20000 - 0x00007ffb6ea4e000 	C:\Windows\SYSTEM32\USERENV.dll
0x00007ffb6ea70000 - 0x00007ffb6ea94000 	C:\Windows\SYSTEM32\profapi.dll
0x00007ffb550b0000 - 0x00007ffb55131000 	C:\ProgramData\Microsoft\Windows Defender\Platform\4.18.24060.7-0\MpOav.dll
0x00007ffb4aa50000 - 0x00007ffb4aa64000 	C:\Users\user\AppData\Roaming\Python\Python312\site-packages\psutil\_psutil_windows.pyd
0x00007ffb70d00000 - 0x00007ffb70d08000 	C:\Windows\System32\PSAPI.DLL
0x00007ffb6e070000 - 0x00007ffb6e0bb000 	C:\Windows\SYSTEM32\POWRPROF.dll
0x00007ffb5a0b0000 - 0x00007ffb5a103000 	C:\Windows\SYSTEM32\pdh.dll
0x00007ffb6df30000 - 0x00007ffb6df42000 	C:\Windows\SYSTEM32\UMPDC.dll
0x00007ffb69ef0000 - 0x00007ffb69f04000 	C:\Windows\SYSTEM32\wtsapi32.dll
0x00007ffb4b8f0000 - 0x00007ffb4b8f7000 	C:\Windows\system32\wshunix.dll
0x00007ffb70d10000 - 0x00007ffb70d18000 	C:\Windows\System32\NSI.dll
0x00007ffb69120000 - 0x00007ffb69137000 	C:\Windows\SYSTEM32\dhcpcsvc6.DLL
0x00007ffb69550000 - 0x00007ffb6956d000 	C:\Windows\SYSTEM32\dhcpcsvc.DLL
0x00007ffb6dfa0000 - 0x00007ffb6e06a000 	C:\Windows\SYSTEM32\DNSAPI.dll
0x00007ffb71300000 - 0x00007ffb713ad000 	C:\Windows\System32\shcore.dll
0x00007ffb13920000 - 0x00007ffb13d25000 	c:\Users\user\AppData\Local\Programs\Python\Python312\Lib\site-packages\numpy\_core\_multiarray_umath.cp312-win_amd64.pyd
0x00007ffb2bfe0000 - 0x00007ffb2c07b000 	c:\Users\user\AppData\Local\Programs\Python\Python312\Lib\site-packages\numpy.libs\msvcp140-8021418012832a07a8ca5105a33b1086.dll
0x00007ffaf7de0000 - 0x00007ffaf9eba000 	c:\Users\user\AppData\Local\Programs\Python\Python312\Lib\site-packages\numpy.libs\libscipy_openblas64_-fb1711452d4d8cee9f276fd1449ee5c7.dll
0x00007ffb4a460000 - 0x00007ffb4a474000 	c:\Users\user\AppData\Local\Programs\Python\Python312\Lib\site-packages\numpy\_core\_multiarray_tests.cp312-win_amd64.pyd
0x00007ffb495b0000 - 0x00007ffb495ce000 	c:\Users\user\AppData\Local\Programs\Python\Python312\Lib\site-packages\numpy\linalg\_umath_linalg.cp312-win_amd64.pyd
0x00007ffb48d00000 - 0x00007ffb48d2f000 	c:\Users\user\AppData\Local\Programs\Python\Python312\Lib\site-packages\numpy\random\bit_generator.cp312-win_amd64.pyd
0x00007ffb37f40000 - 0x00007ffb37f6e000 	c:\Users\user\AppData\Local\Programs\Python\Python312\Lib\site-packages\numpy\random\_common.cp312-win_amd64.pyd
0x00007ffb2a5a0000 - 0x00007ffb2a640000 	c:\Users\user\AppData\Local\Programs\Python\Python312\Lib\site-packages\numpy\random\mtrand.cp312-win_amd64.pyd
0x00007ffb2fa10000 - 0x00007ffb2fa4b000 	c:\Users\user\AppData\Local\Programs\Python\Python312\Lib\site-packages\numpy\random\_bounded_integers.cp312-win_amd64.pyd
0x00007ffb37f20000 - 0x00007ffb37f3a000 	c:\Users\user\AppData\Local\Programs\Python\Python312\Lib\site-packages\numpy\random\_mt19937.cp312-win_amd64.pyd
0x00007ffb2f960000 - 0x00007ffb2f978000 	c:\Users\user\AppData\Local\Programs\Python\Python312\Lib\site-packages\numpy\random\_philox.cp312-win_amd64.pyd
0x00007ffb2ea60000 - 0x00007ffb2ea7c000 	c:\Users\user\AppData\Local\Programs\Python\Python312\Lib\site-packages\numpy\random\_pcg64.cp312-win_amd64.pyd
0x00007ffb2ea40000 - 0x00007ffb2ea54000 	c:\Users\user\AppData\Local\Programs\Python\Python312\Lib\site-packages\numpy\random\_sfc64.cp312-win_amd64.pyd
0x00007ffb1e370000 - 0x00007ffb1e42c000 	c:\Users\user\AppData\Local\Programs\Python\Python312\Lib\site-packages\numpy\random\_generator.cp312-win_amd64.pyd
0x00007ffb54980000 - 0x00007ffb5498b000 	c:\Users\user\AppData\Local\Programs\Python\Python312\Lib\site-packages\pandas\_libs\pandas_parser.cp312-win_amd64.pyd
0x00007ffb52bb0000 - 0x00007ffb52bbc000 	c:\Users\user\AppData\Local\Programs\Python\Python312\Lib\site-packages\pandas\_libs\pandas_datetime.cp312-win_amd64.pyd
0x00007ffb1d800000 - 0x00007ffb1d918000 	c:\Users\user\AppData\Local\Programs\Python\Python312\Lib\site-packages\pandas\_libs\interval.cp312-win_amd64.pyd
0x00007ffb157a0000 - 0x00007ffb15964000 	c:\Users\user\AppData\Local\Programs\Python\Python312\Lib\site-packages\pandas\_libs\hashtable.cp312-win_amd64.pyd
0x00007ffb2e160000 - 0x00007ffb2e18e000 	c:\Users\user\AppData\Local\Programs\Python\Python312\Lib\site-packages\pandas\_libs\missing.cp312-win_amd64.pyd
0x00007ffb2df90000 - 0x00007ffb2dfbd000 	c:\Users\user\AppData\Local\Programs\Python\Python312\Lib\site-packages\pandas\_libs\tslibs\dtypes.cp312-win_amd64.pyd
0x00007ffb2cf60000 - 0x00007ffb2cf75000 	c:\Users\user\AppData\Local\Programs\Python\Python312\Lib\site-packages\pandas\_libs\tslibs\ccalendar.cp312-win_amd64.pyd
0x00007ffb2cf40000 - 0x00007ffb2cf60000 	c:\Users\user\AppData\Local\Programs\Python\Python312\Lib\site-packages\pandas\_libs\tslibs\np_datetime.cp312-win_amd64.pyd
0x00007ffb2bdf0000 - 0x00007ffb2be2d000 	c:\Users\user\AppData\Local\Programs\Python\Python312\Lib\site-packages\pandas\_libs\tslibs\conversion.cp312-win_amd64.pyd
0x00007ffb2cf00000 - 0x00007ffb2cf11000 	c:\Users\user\AppData\Local\Programs\Python\Python312\Lib\site-packages\pandas\_libs\tslibs\base.cp312-win_amd64.pyd
0x00007ffb1dc50000 - 0x00007ffb1dd2e000 	c:\Users\user\AppData\Local\Programs\Python\Python312\Lib\site-packages\pandas\_libs\tslibs\offsets.cp312-win_amd64.pyd
0x00007ffb28810000 - 0x00007ffb28891000 	c:\Users\user\AppData\Local\Programs\Python\Python312\Lib\site-packages\pandas\_libs\tslibs\timestamps.cp312-win_amd64.pyd
0x00007ffb2bb10000 - 0x00007ffb2bb44000 	c:\Users\user\AppData\Local\Programs\Python\Python312\Lib\site-packages\pandas\_libs\tslibs\nattype.cp312-win_amd64.pyd
0x00007ffb1fd80000 - 0x00007ffb1fdf9000 	c:\Users\user\AppData\Local\Programs\Python\Python312\Lib\site-packages\pandas\_libs\tslibs\timedeltas.cp312-win_amd64.pyd
0x00007ffb28320000 - 0x00007ffb2835a000 	c:\Users\user\AppData\Local\Programs\Python\Python312\Lib\site-packages\pandas\_libs\tslibs\timezones.cp312-win_amd64.pyd
0x00007ffb4f0a0000 - 0x00007ffb4f0ad000 	c:\Users\user\AppData\Local\Programs\Python\Python312\DLLs\_zoneinfo.pyd
0x000001fe72450000 - 0x000001fe72453000 	C:\Windows\SYSTEM32\tzres.dll
0x00007ffb25730000 - 0x00007ffb25776000 	c:\Users\user\AppData\Local\Programs\Python\Python312\Lib\site-packages\pandas\_libs\tslibs\fields.cp312-win_amd64.pyd
0x00007ffb256d0000 - 0x00007ffb25710000 	c:\Users\user\AppData\Local\Programs\Python\Python312\Lib\site-packages\pandas\_libs\tslibs\tzconversion.cp312-win_amd64.pyd
0x00007ffb2baf0000 - 0x00007ffb2bb04000 	c:\Users\user\AppData\Local\Programs\Python\Python312\Lib\site-packages\pandas\_libs\properties.cp312-win_amd64.pyd
0x00007ffb235c0000 - 0x00007ffb23614000 	c:\Users\user\AppData\Local\Programs\Python\Python312\Lib\site-packages\pandas\_libs\tslibs\parsing.cp312-win_amd64.pyd
0x00007ffb23190000 - 0x00007ffb231df000 	c:\Users\user\AppData\Local\Programs\Python\Python312\Lib\site-packages\pandas\_libs\tslibs\strptime.cp312-win_amd64.pyd
0x00007ffb1faf0000 - 0x00007ffb1fb5a000 	c:\Users\user\AppData\Local\Programs\Python\Python312\Lib\site-packages\pandas\_libs\tslibs\period.cp312-win_amd64.pyd
0x00007ffb20370000 - 0x00007ffb203a3000 	c:\Users\user\AppData\Local\Programs\Python\Python312\Lib\site-packages\pandas\_libs\tslibs\vectorized.cp312-win_amd64.pyd
0x00007ffb4dd70000 - 0x00007ffb4dd80000 	c:\Users\user\AppData\Local\Programs\Python\Python312\Lib\site-packages\pandas\_libs\ops_dispatch.cp312-win_amd64.pyd
0x00007ffb13760000 - 0x00007ffb13920000 	c:\Users\user\AppData\Local\Programs\Python\Python312\Lib\site-packages\pandas\_libs\algos.cp312-win_amd64.pyd
0x00007ffb1d750000 - 0x00007ffb1d7f7000 	c:\Users\user\AppData\Local\Programs\Python\Python312\Lib\site-packages\pandas\_libs\lib.cp312-win_amd64.pyd
0x00007ffb1f300000 - 0x00007ffb1f335000 	c:\Users\user\AppData\Local\Programs\Python\Python312\Lib\site-packages\pandas\_libs\ops.cp312-win_amd64.pyd
0x00007ffb2aee0000 - 0x00007ffb2af0d000 	c:\Users\user\AppData\Local\Programs\Python\Python312\Lib\site-packages\pandas\_libs\hashing.cp312-win_amd64.pyd
0x00007ffb1fad0000 - 0x00007ffb1faec000 	c:\Users\user\AppData\Local\Programs\Python\Python312\Lib\site-packages\pandas\_libs\arrays.cp312-win_amd64.pyd
0x00007ffb1f2b0000 - 0x00007ffb1f2f3000 	c:\Users\user\AppData\Local\Programs\Python\Python312\Lib\site-packages\pandas\_libs\tslib.cp312-win_amd64.pyd
0x00007ffb196a0000 - 0x00007ffb19770000 	c:\Users\user\AppData\Local\Programs\Python\Python312\Lib\site-packages\pandas\_libs\sparse.cp312-win_amd64.pyd
0x00007ffb1e1c0000 - 0x00007ffb1e211000 	c:\Users\user\AppData\Local\Programs\Python\Python312\Lib\site-packages\pandas\_libs\internals.cp312-win_amd64.pyd
0x00007ffb1e1a0000 - 0x00007ffb1e1b2000 	c:\Users\user\AppData\Local\Programs\Python\Python312\Lib\site-packages\pandas\_libs\indexing.cp312-win_amd64.pyd
0x00007ffb1c870000 - 0x00007ffb1c926000 	c:\Users\user\AppData\Local\Programs\Python\Python312\Lib\site-packages\pandas\_libs\index.cp312-win_amd64.pyd
0x00007ffb1cc70000 - 0x00007ffb1cca5000 	c:\Users\user\AppData\Local\Programs\Python\Python312\Lib\site-packages\pandas\_libs\writers.cp312-win_amd64.pyd
0x00007ffb15690000 - 0x00007ffb1579f000 	c:\Users\user\AppData\Local\Programs\Python\Python312\Lib\site-packages\pandas\_libs\join.cp312-win_amd64.pyd
0x00007ffb1cc10000 - 0x00007ffb1cc67000 	c:\Users\user\AppData\Local\Programs\Python\Python312\Lib\site-packages\pandas\_libs\window\aggregations.cp312-win_amd64.pyd
0x00007ffb19080000 - 0x00007ffb1911b000 	c:\Users\user\AppData\Local\Programs\Python\Python312\Lib\site-packages\pandas.libs\msvcp140-ef6047a69b174ada5cb2eff1d2bc9a62.dll
0x00007ffb1de90000 - 0x00007ffb1debc000 	c:\Users\user\AppData\Local\Programs\Python\Python312\Lib\site-packages\pandas\_libs\window\indexers.cp312-win_amd64.pyd

dbghelp: loaded successfully - version: 4.0.5 - missing functions: none
symbol engine: initialized successfully - sym options: 0x614 - pdb path: .;c:\Users\user\AppData\Local\Programs\Python\Python312;C:\Windows\SYSTEM32;c:\Users\user\AppData\Local\Programs\Python\Python312\DLLs;C:\Users\user\AppData\Roaming\Python\Python312\site-packages\zmq\backend\cython;C:\Users\user\AppData\Roaming\Python\Python312\site-packages\pyzmq.libs;C:\Users\user\AppData\Roaming\Python\Python312\site-packages\tornado;C:\ProgramData\Microsoft\Windows Defender\Platform\4.18.24060.7-0;C:\Users\user\AppData\Roaming\Python\Python312\site-packages\psutil;c:\Users\user\AppData\Local\Programs\Python\Python312\Lib\site-packages\numpy\_core;c:\Users\user\AppData\Local\Programs\Python\Python312\Lib\site-packages\numpy.libs;c:\Users\user\AppData\Local\Programs\Python\Python312\Lib\site-packages\numpy\linalg;c:\Users\user\AppData\Local\Programs\Python\Python312\Lib\site-packages\numpy\random;c:\Users\user\AppData\Local\Programs\Python\Python312\Lib\site-packages\pandas\_libs;c:\Users\user\AppData\Local\Programs\Python\Python312\Lib\site-packages\pandas\_libs\tslibs;c:\Users\user\AppData\Local\Programs\Python\Python312\Lib\site-packages\pandas\_libs\window;c:\Users\user\AppData\Local\Programs\Python\Python312\Lib\site-packages\pandas.libs;c:\Users\user\AppData\Local\Programs\Python\Python312\Lib\site-packages;c:\Users\user\AppData\Local\Programs\Python\Python312\Lib\site-packages\sklearn\__check_build;c:\Users\user\AppData\Local\Programs\Python\Python312\Lib\site-packages\sklearn\.libs;c:\Users\user\AppData\Local\Programs\Python\Python312\Lib\site-packages\scipy\_lib;c:\Users\user\AppData\Local\Programs\Python\Python312\Lib\site-packages\numpy\fft;c:\Users\user\AppData\Local\Programs\Python\Python312\Lib\site-packages\scipy\sparse;c:\Users\user\AppData\Local\Programs\Python\Python312\Lib\site-packages\scipy\linalg;c:\Users\user\AppData\Local\Programs\Python\Python312\Lib\site-packages\scipy.libs;c:\Users\user\AppData\Local\Programs\Python\Python312\Lib\site-packages\scipy\sparse\linalg\_dsolve;c:\Users\user\AppData\Local\Programs\Python\Python312\Lib\site-packages\scipy\sparse\linalg\_eigen\arpack;c:\Users\user\AppData\Local\Programs\Python\Python312\Lib\site-packages\scipy\sparse\linalg\_propack;c:\Users\user\AppData\Local\Programs\Python\Python312\Lib\site-packages\scipy\sparse\csgraph;c:\Users\user\AppData\Local\Programs\Python\Python312\Lib\site-packages\scipy\special;c:\Users\user\AppData\Local\Programs\Python\Python312\Lib\site-packages\scipy\spatial;c:\Users\user\AppData\Local\Programs\Python\Python312\Lib\site-packages\scipy\spatial\transform;c:\Users\user\AppData\Local\Programs\Python\Python312\Lib\site-packages\scipy\optimize;c:\Users\user\AppData\Local\Programs\Python\Python312\Lib\site-packages\scipy\optimize\_trlib;c:\Users\user\AppData\Local\Programs\Python\Python312\Lib\site-packages\scipy\optimize\_lsq;c:\Users\user\AppData\Local\Programs\Python\Python312\Lib\site-packages\scipy\optimize\_highs;c:\Users\user\AppData\Local\Programs\Python\Python312\Lib\site-packages\scipy\integrate;c:\Users\user\AppData\Local\Programs\Python\Python312\Lib\site-packages\scipy\interpolate;c:\Users\user\AppData\Local\Programs\Python\Python312\Lib\site-packages\scipy\stats;c:\Users\user\AppData\Local\Programs\Python\Python312\Lib\site-packages\scipy\stats\_levy_stable;c:\Users\user\AppData\Local\Programs\Python\Python312\Lib\site-packages\scipy\_lib\_uarray;c:\Users\user\AppData\Local\Programs\Python\Python312\Lib\site-packages\scipy\fft\_pocketfft;c:\Users\user\AppData\Local\Programs\Python\Python312\Lib\site-packages\scipy\stats\_rcont;c:\Users\user\AppData\Local\Programs\Python\Python312\Lib\site-packages\scipy\stats\_unuran;c:\Users\user\AppData\Local\Programs\Python\Python312\Lib\site-packages\scipy\ndimage;c:\Users\user\AppData\Local\Programs\Python\Python312\Lib\site-packages\sklearn\utils;c:\Users\user\AppData\Local\Programs\Python\Python312\Lib\site-packages\sklearn\metrics\cluster;c:\Users\user\AppData\Local\Programs\Python\Python312\Lib\site-packages\sklearn\preprocessing;c:\Users\user\AppData\Local\Programs\Python\Python312\Lib\site-packages\sklearn\metrics;c:\Users\user\AppData\Local\Programs\Python\Python312\Lib\site-packages\sklearn\metrics\_pairwise_distances_reduction;c:\Users\user\AppData\Local\Programs\Python\Python312\Lib\site-packages\sklearn\linear_model;c:\Users\user\AppData\Local\Programs\Python\Python312\Lib\site-packages\sklearn\_loss;c:\Users\user\AppData\Local\Programs\Python\Python312\Lib\site-packages\sklearn\svm;c:\Users\user\AppData\Local\Programs\Python\Python312\Lib\site-packages\sklearn\feature_extraction;C:\Program Files\Java\jdk-17\bin\server;C:\Program Files\Java\jdk-17\bin

VM Arguments:
jvm_args: -Dfile.encoding=UTF8 -ea -Xmx1024m 
java_command: <unknown>
java_class_path (initial): C:\Users\user\AppData\Local\Programs\Python\Python312\Lib\site-packages\konlpy\java;C:\Users\user\AppData\Local\Programs\Python\Python312\Lib\site-packages\konlpy\java\bin;C:\Users\user\AppData\Local\Programs\Python\Python312\Lib\site-packages\konlpy\java\aho-corasick.jar;C:\Users\user\AppData\Local\Programs\Python\Python312\Lib\site-packages\konlpy\java\jhannanum-0.8.4.jar;C:\Users\user\AppData\Local\Programs\Python\Python312\Lib\site-packages\konlpy\java\kkma-2.0.jar;C:\Users\user\AppData\Local\Programs\Python\Python312\Lib\site-packages\konlpy\java\komoran-3.0.jar;C:\Users\user\AppData\Local\Programs\Python\Python312\Lib\site-packages\konlpy\java\open-korean-text-2.1.0.jar;C:\Users\user\AppData\Local\Programs\Python\Python312\Lib\site-packages\konlpy\java\scala-library-2.12.3.jar;C:\Users\user\AppData\Local\Programs\Python\Python312\Lib\site-packages\konlpy\java\shineware-common-1.0.jar;C:\Users\user\AppData\Local\Programs\Python\Python312\Lib\site-packages\konlpy\java\shineware-ds-1.0.jar;C:\Users\user\AppData\Local\Programs\Python\Python312\Lib\site-packages\konlpy\java\snakeyaml-1.12.jar;C:\Users\user\AppData\Local\Programs\Python\Python312\Lib\site-packages\konlpy\java\twitter-text-1.14.7.jar;C:\Users\user\AppData\Local\Programs\Python\Python312\Lib\site-packages\konlpy\java\jhannanum-0.8.4.jar;C:\Users\user\AppData\Local\Programs\Python\Python312\Lib\site-packages\konlpy\java\kkma-2.0.jar;C:\Users\user\AppData\Local\Programs\Python\Python312\Lib\site-packages\konlpy\java\aho-corasick.jar;C:\Users\user\AppData\Local\Programs\Python\Python312\Lib\site-packages\konlpy\java\shineware-common-1.0.jar;C:\Users\user\AppData\Local\Programs\Python\Python312\Lib\site-packages\konlpy\java\shineware-ds-1.0.jar;C:\Users\user\AppData\Local\Programs\Python\Python312\Lib\site-packages\konlpy\java\komoran-3.0.jar;C:\Users\user\AppData\Local\Programs\Python\Python312\Lib\site-packages\konlpy\java\snakeyaml-1.12.jar;C:\Users\user\AppData\Local\Progr
Launcher Type: generic

[Global flags]
     intx CICompilerCount                          = 4                                         {product} {ergonomic}
     uint ConcGCThreads                            = 2                                         {product} {ergonomic}
     uint G1ConcRefinementThreads                  = 8                                         {product} {ergonomic}
   size_t G1HeapRegionSize                         = 1048576                                   {product} {ergonomic}
    uintx GCDrainStackTargetSize                   = 64                                        {product} {ergonomic}
   size_t InitialHeapSize                          = 268435456                                 {product} {ergonomic}
   size_t MarkStackSize                            = 4194304                                   {product} {ergonomic}
   size_t MaxHeapSize                              = 1073741824                                {product} {command line}
   size_t MaxNewSize                               = 643825664                                 {product} {ergonomic}
   size_t MinHeapDeltaBytes                        = 1048576                                   {product} {ergonomic}
   size_t MinHeapSize                              = 8388608                                   {product} {ergonomic}
    uintx NonNMethodCodeHeapSize                   = 5839372                                {pd product} {ergonomic}
    uintx NonProfiledCodeHeapSize                  = 122909434                              {pd product} {ergonomic}
    uintx ProfiledCodeHeapSize                     = 122909434                              {pd product} {ergonomic}
    uintx ReservedCodeCacheSize                    = 251658240                              {pd product} {ergonomic}
     bool SegmentedCodeCache                       = true                                      {product} {ergonomic}
   size_t SoftMaxHeapSize                          = 1073741824                             {manageable} {ergonomic}
     bool UseCompressedClassPointers               = true                           {product lp64_product} {ergonomic}
     bool UseCompressedOops                        = true                           {product lp64_product} {ergonomic}
     bool UseG1GC                                  = true                                      {product} {ergonomic}
     bool UseLargePagesIndividualAllocation        = false                                  {pd product} {ergonomic}

Logging:
Log output configuration:
 #0: stdout all=warning uptime,level,tags
 #1: stderr all=off uptime,level,tags

Environment Variables:
JAVA_HOME=C:\Program Files\Java\jdk-17
PATH=c:\Users\user\AppData\Local\Programs\Python\Python312;c:\Users\user\AppData\Roaming\Python\Python312\Scripts;C:\Program Files\Java\jdk-17\bin;C:\Windows\system32;C:\Windows;C:\Windows\System32\Wbem;C:\Windows\System32\WindowsPowerShell\v1.0\;C:\Windows\System32\OpenSSH\;C:\Program Files\Git\cmd;C:\Program Files\nodejs\;C:\Program Files\Graphviz\bin;C:\Program Files\Bandizip\;C:\Users\user\AppData\Local\Programs\Python\Python312\Scripts\;C:\Users\user\AppData\Local\Programs\Python\Python312\;C:\Users\user\AppData\Local\Microsoft\WindowsApps;C:\Users\user\AppData\Local\Programs\Microsoft VS Code\bin;C:\Users\user\AppData\Roaming\npm;C:\Program Files\Java\jdk-17\bin;C:\Windows\system32;C:\Windows;C:\Windows\System32\Wbem;C:\Windows\System32\WindowsPowerShell\v1.0\;C:\Windows\System32\OpenSSH\;C:\Program Files\Git\cmd;C:\Program Files\nodejs\;C:\Program Files\Graphviz\bin;C:\Program Files\Bandizip\;C:\Users\user\AppData\Local\Programs\Python\Python312\Scripts\;C:\Users\user\AppData\Local\Programs\Python\Python312\;C:\Users\user\AppData\Local\Microsoft\WindowsApps;C:\Users\user\AppData\Local\Programs\Microsoft VS Code\bin;C:\Users\user\AppData\Roaming\npm
USERNAME=user
OS=Windows_NT
PROCESSOR_IDENTIFIER=Intel64 Family 6 Model 94 Stepping 3, GenuineIntel



---------------  S Y S T E M  ---------------

OS:
 Windows 10 , 64 bit Build 19041 (10.0.19041.4597)
OS uptime: 7 days 7:33 hours

CPU: total 8 (initial active 8) (4 cores per cpu, 2 threads per core) family 6 model 94 stepping 3 microcode 0xcc, cx8, cmov, fxsr, ht, mmx, 3dnowpref, sse, sse2, sse3, ssse3, sse4.1, sse4.2, popcnt, lzcnt, tsc, tscinvbit, avx, avx2, aes, erms, clmul, bmi1, bmi2, rtm, adx, fma, vzeroupper, clflush, clflushopt

Memory: 4k page, system-wide physical 16336M (9005M free)
TotalPageFile size 18780M (AvailPageFile size 7517M)
current process WorkingSet (physical memory assigned to process): 523M, peak: 540M
current process commit charge ("private bytes"): 1030M, peak: 1165M

vm_info: Java HotSpot(TM) 64-Bit Server VM (17.0.10+11-LTS-240) for windows-amd64 JRE (17.0.10+11-LTS-240), built on Dec 19 2023 21:47:25 by "mach5one" with MS VC++ 17.1 (VS2022)

END.
